;  LST file generated by mikroListExporter - v.2.0 
; Date/Time: 28/04/2016 17:15:21
;----------------------------------------------

;Address Opcode 	ASM
0x0000	0xF004EF92  	GOTO        2340
_interrupt:
;hae.c,14 :: 		void interrupt(){
0x0008	0xF016C000  	MOVFF       R0, 22
0x000C	0xF015C001  	MOVFF       R1, 21
;hae.c,16 :: 		if(INTCON.TMR0IE && INTCON.TMR0IF){
0x0010	0xAAF2      	BTFSS       INTCON, 5 
0x0012	0xD008      	BRA         L_interrupt3
0x0014	0xA4F2      	BTFSS       INTCON, 2 
0x0016	0xD006      	BRA         L_interrupt3
L__interrupt16:
;hae.c,17 :: 		TMR0H = (18661>>8);
0x0018	0x0E48      	MOVLW       72
0x001A	0x6ED7      	MOVWF       TMR0H 
;hae.c,18 :: 		TMR0L = 18661;
0x001C	0x0EE5      	MOVLW       229
0x001E	0x6ED6      	MOVWF       TMR0L 
;hae.c,19 :: 		sendTrig();
0x0020	0xDA54      	RCALL       _sendTrig
;hae.c,20 :: 		INTCON.TMR0IF=0;
0x0022	0x94F2      	BCF         INTCON, 2 
;hae.c,21 :: 		}
L_interrupt3:
;hae.c,23 :: 		if(INTCON.INT0IE && INTCON.INT0IF && INTCON2.INTEDG0){
0x0024	0xA8F2      	BTFSS       INTCON, 4 
0x0026	0xD009      	BRA         L_interrupt6
0x0028	0xA2F2      	BTFSS       INTCON, 1 
0x002A	0xD007      	BRA         L_interrupt6
0x002C	0xACF1      	BTFSS       INTCON2, 6 
0x002E	0xD005      	BRA         L_interrupt6
L__interrupt15:
;hae.c,24 :: 		TMR1H=0;
0x0030	0x6ACF      	CLRF        TMR1H 
;hae.c,25 :: 		TMR1L=0;
0x0032	0x6ACE      	CLRF        TMR1L 
;hae.c,26 :: 		T1CON.TMR1ON = 1;
0x0034	0x80CD      	BSF         T1CON, 0 
;hae.c,27 :: 		INTCON.INT0IF = 0;
0x0036	0x92F2      	BCF         INTCON, 1 
;hae.c,28 :: 		INTCON2.INTEDG0 = 0;
0x0038	0x9CF1      	BCF         INTCON2, 6 
;hae.c,29 :: 		}
L_interrupt6:
;hae.c,31 :: 		if(INTCON.INT0IE && INTCON.INT0IF && INTCON2.INTEDG0 == 0){
0x003A	0xA8F2      	BTFSS       INTCON, 4 
0x003C	0xD06A      	BRA         L_interrupt9
0x003E	0xA2F2      	BTFSS       INTCON, 1 
0x0040	0xD068      	BRA         L_interrupt9
0x0042	0xBCF1      	BTFSC       INTCON2, 6 
0x0044	0xD066      	BRA         L_interrupt9
L__interrupt14:
;hae.c,32 :: 		ciclos = TMR1L; //LSB
0x0046	0xF047CFCE  	MOVFF       TMR1L, _ciclos
0x004A	0x0E00      	MOVLW       0
0x004C	0x6E48      	MOVWF       _ciclos+1 
;hae.c,33 :: 		ciclos = ciclos + (TMR1H<<8); //MSB
0x004E	0xF001CFCF  	MOVFF       TMR1H, R1
0x0052	0x6A00      	CLRF        R0 
0x0054	0x5047      	MOVF        _ciclos, 0 
0x0056	0x2600      	ADDWF       R0, 1 
0x0058	0x5048      	MOVF        _ciclos+1, 0 
0x005A	0x2201      	ADDWFC      R1, 1 
0x005C	0xF047C000  	MOVFF       R0, _ciclos
0x0060	0xF048C001  	MOVFF       R1, _ciclos+1
;hae.c,34 :: 		t3 = ciclos * periodo;
0x0064	0xD9EB      	RCALL       _word2double
0x0066	0x0EBD      	MOVLW       189
0x0068	0x6E04      	MOVWF       R4 
0x006A	0x0E37      	MOVLW       55
0x006C	0x6E05      	MOVWF       R5 
0x006E	0x0E06      	MOVLW       6
0x0070	0x6E06      	MOVWF       R6 
0x0072	0x0E6A      	MOVLW       106
0x0074	0x6E07      	MOVWF       R7 
0x0076	0xD8D5      	RCALL       _Mul_32x32_FP
0x0078	0xF043C000  	MOVFF       R0, _t3
0x007C	0xF044C001  	MOVFF       R1, _t3+1
0x0080	0xF045C002  	MOVFF       R2, _t3+2
0x0084	0xF046C003  	MOVFF       R3, _t3+3
;hae.c,35 :: 		dis = 16570.0 * t3;
0x0088	0x0E00      	MOVLW       0
0x008A	0x6E04      	MOVWF       R4 
0x008C	0x0E74      	MOVLW       116
0x008E	0x6E05      	MOVWF       R5 
0x0090	0x0E01      	MOVLW       1
0x0092	0x6E06      	MOVWF       R6 
0x0094	0x0E8D      	MOVLW       141
0x0096	0x6E07      	MOVWF       R7 
0x0098	0xD8C4      	RCALL       _Mul_32x32_FP
0x009A	0xF033C000  	MOVFF       R0, _dis
0x009E	0xF034C001  	MOVFF       R1, _dis+1
0x00A2	0xF035C002  	MOVFF       R2, _dis+2
0x00A6	0xF036C003  	MOVFF       R3, _dis+3
;hae.c,36 :: 		FloatToStr(dis,distanciaCaracter);
0x00AA	0xF04DC000  	MOVFF       R0, FARG_FloatToStr_fnum
0x00AE	0xF04EC001  	MOVFF       R1, FARG_FloatToStr_fnum+1
0x00B2	0xF04FC002  	MOVFF       R2, FARG_FloatToStr_fnum+2
0x00B6	0xF050C003  	MOVFF       R3, FARG_FloatToStr_fnum+3
0x00BA	0x0E25      	MOVLW       _distanciaCaracter
0x00BC	0x6E51      	MOVWF       FARG_FloatToStr_str 
0x00BE	0x0E00      	MOVLW       hi_addr(_distanciaCaracter)
0x00C0	0x6E52      	MOVWF       FARG_FloatToStr_str+1 
0x00C2	0xDA10      	RCALL       _FloatToStr
;hae.c,38 :: 		if(t3 < 0.06){
0x00C4	0x0E8F      	MOVLW       143
0x00C6	0x6E04      	MOVWF       R4 
0x00C8	0x0EC2      	MOVLW       194
0x00CA	0x6E05      	MOVWF       R5 
0x00CC	0x0E75      	MOVLW       117
0x00CE	0x6E06      	MOVWF       R6 
0x00D0	0x0E7A      	MOVLW       122
0x00D2	0x6E07      	MOVWF       R7 
0x00D4	0xF000C043  	MOVFF       _t3, R0
0x00D8	0xF001C044  	MOVFF       _t3+1, R1
0x00DC	0xF002C045  	MOVFF       _t3+2, R2
0x00E0	0xF003C046  	MOVFF       _t3+3, R3
0x00E4	0xD944      	RCALL       _Compare_Double
0x00E6	0x0E01      	MOVLW       1
0x00E8	0xB0D8      	BTFSC       STATUS, 0 
0x00EA	0x0E00      	MOVLW       0
0x00EC	0x6E00      	MOVWF       R0 
0x00EE	0x5200      	MOVF        R0, 1 
0x00F0	0xE00E      	BZ          L_interrupt10
;hae.c,40 :: 		if (UART1_Tx_Idle() == 1)
0x00F2	0xD9F3      	RCALL       _UART1_Tx_Idle
0x00F4	0x5000      	MOVF        R0, 0 
0x00F6	0x0A01      	XORLW       1
0x00F8	0xE10A      	BNZ         L_interrupt11
;hae.c,42 :: 		UART1_Write_Text(distanciaCaracter);
0x00FA	0x0E25      	MOVLW       _distanciaCaracter
0x00FC	0x6E4D      	MOVWF       FARG_UART1_Write_Text_uart_text 
0x00FE	0x0E00      	MOVLW       hi_addr(_distanciaCaracter)
0x0100	0x6E4E      	MOVWF       FARG_UART1_Write_Text_uart_text+1 
0x0102	0xDBF8      	RCALL       _UART1_Write_Text
;hae.c,43 :: 		UART1_Write_Text("EOL");
0x0104	0x0E17      	MOVLW       ?lstr1_hae
0x0106	0x6E4D      	MOVWF       FARG_UART1_Write_Text_uart_text 
0x0108	0x0E00      	MOVLW       hi_addr(?lstr1_hae)
0x010A	0x6E4E      	MOVWF       FARG_UART1_Write_Text_uart_text+1 
0x010C	0xDBF3      	RCALL       _UART1_Write_Text
;hae.c,44 :: 		}
L_interrupt11:
;hae.c,45 :: 		}
L_interrupt10:
;hae.c,46 :: 		INTCON.INT0IF = 0;
0x010E	0x92F2      	BCF         INTCON, 1 
;hae.c,47 :: 		INTCON2.INTEDG0 = 1;
0x0110	0x8CF1      	BSF         INTCON2, 6 
;hae.c,48 :: 		}
L_interrupt9:
;hae.c,49 :: 		}
L_end_interrupt:
L__interrupt19:
0x0112	0xF000C016  	MOVFF       22, R0
0x0116	0xF001C015  	MOVFF       21, R1
0x011A	0x0011      	RETFIE      1
; end of _interrupt
_FIXSIGN32:
;__Lib_MathDouble.c,117 :: 		
;__Lib_MathDouble.c,121 :: 		
0x011C	0xAE0A      	BTFSS       R10, 7, 0
;__Lib_MathDouble.c,122 :: 		
0x011E	0x9E02      	BCF         R2, 7, 0
;__Lib_MathDouble.c,123 :: 		
0x0120	0x0E00      	MOVLW       0
;__Lib_MathDouble.c,125 :: 		
L_end_FIXSIGN32:
0x0122	0x0012      	RETURN      0
; end of _FIXSIGN32
_SETFOV32:
;__Lib_MathDouble.c,82 :: 		
;__Lib_MathDouble.c,90 :: 		
0x0124	0x820B      	BSF         R11, 1, 0
;__Lib_MathDouble.c,91 :: 		
0x0126	0xAE0B      	BTFSS       R11, 7, 0
;__Lib_MathDouble.c,92 :: 		
0x0128	0xF000EF9C  	GOTO        SETFOV32EEE
;__Lib_MathDouble.c,94 :: 		
0x012C	0x6803      	SETF        R3, 0
;__Lib_MathDouble.c,95 :: 		
0x012E	0x6802      	SETF        R2, 0
;__Lib_MathDouble.c,96 :: 		
0x0130	0x6801      	SETF        R1, 0
;__Lib_MathDouble.c,97 :: 		
0x0132	0x6800      	SETF        R0, 0
;__Lib_MathDouble.c,98 :: 		
0x0134	0x360A      	RLCF        R10, 1, 0
;__Lib_MathDouble.c,99 :: 		
0x0136	0x3202      	RRCF        R2, 1, 0
;__Lib_MathDouble.c,100 :: 		
SETFOV32EEE:
;__Lib_MathDouble.c,101 :: 		
0x0138	0x0EFF      	MOVLW       255
;__Lib_MathDouble.c,103 :: 		
L_end_SETFOV32:
0x013A	0x0012      	RETURN      0
; end of _SETFOV32
_RES032:
;__Lib_MathDouble.c,128 :: 		
;__Lib_MathDouble.c,134 :: 		
0x013C	0x6A02      	CLRF        R2, 0
;__Lib_MathDouble.c,135 :: 		
0x013E	0x6A01      	CLRF        R1, 0
;__Lib_MathDouble.c,136 :: 		
0x0140	0x6A00      	CLRF        R0, 0
;__Lib_MathDouble.c,137 :: 		
0x0142	0x6A08      	CLRF        R8, 0
;__Lib_MathDouble.c,138 :: 		
0x0144	0x6A03      	CLRF        R3, 0
;__Lib_MathDouble.c,139 :: 		
0x0146	0x0E00      	MOVLW       0
;__Lib_MathDouble.c,141 :: 		
L_end_RES032:
0x0148	0x0012      	RETURN      0
; end of _RES032
_SETFUN32:
;__Lib_MathDouble.c,144 :: 		
;__Lib_MathDouble.c,152 :: 		
0x014A	0x840B      	BSF         R11, 2, 0
;__Lib_MathDouble.c,153 :: 		
0x014C	0xAE0B      	BTFSS       R11, 7, 0
;__Lib_MathDouble.c,154 :: 		
0x014E	0xF000EFB0  	GOTO        SETFUN32EEE
;__Lib_MathDouble.c,156 :: 		
0x0152	0x0E01      	MOVLW       1
;__Lib_MathDouble.c,157 :: 		
0x0154	0x6E03      	MOVWF       R3, 0
;__Lib_MathDouble.c,158 :: 		
0x0156	0x6A02      	CLRF        R2, 0
;__Lib_MathDouble.c,159 :: 		
0x0158	0x6A01      	CLRF        R1, 0
;__Lib_MathDouble.c,160 :: 		
0x015A	0x6A00      	CLRF        R0, 0
;__Lib_MathDouble.c,161 :: 		
0x015C	0x360A      	RLCF        R10, 1, 0
;__Lib_MathDouble.c,162 :: 		
0x015E	0x3202      	RRCF        R2, 1, 0
;__Lib_MathDouble.c,163 :: 		
SETFUN32EEE:
;__Lib_MathDouble.c,164 :: 		
0x0160	0x0EFF      	MOVLW       255
;__Lib_MathDouble.c,166 :: 		
L_end_SETFUN32:
0x0162	0x0012      	RETURN      0
; end of _SETFUN32
_strcpy:
;__Lib_CString.c,133 :: 		
;__Lib_CString.c,136 :: 		
0x0164	0xF004C05B  	MOVFF       FARG_strcpy_to, R4
0x0168	0xF005C05C  	MOVFF       FARG_strcpy_to+1, R5
;__Lib_CString.c,137 :: 		
L_strcpy34:
0x016C	0xF002C004  	MOVFF       R4, R2
0x0170	0xF003C005  	MOVFF       R5, R3
0x0174	0x4A04      	INFSNZ      R4, 1 
0x0176	0x2A05      	INCF        R5, 1 
0x0178	0xF000C05D  	MOVFF       FARG_strcpy_from, R0
0x017C	0xF001C05E  	MOVFF       FARG_strcpy_from+1, R1
0x0180	0x4A5D      	INFSNZ      FARG_strcpy_from, 1 
0x0182	0x2A5E      	INCF        FARG_strcpy_from+1, 1 
0x0184	0xFFE9C000  	MOVFF       R0, FSR0L
0x0188	0xFFEAC001  	MOVFF       R1, FSR0H
0x018C	0xFFE1C002  	MOVFF       R2, FSR1L
0x0190	0xFFE2C003  	MOVFF       R3, FSR1H
0x0194	0xFFE6CFEE  	MOVFF       POSTINC0, POSTINC1
0x0198	0xFFE9C002  	MOVFF       R2, FSR0L
0x019C	0xFFEAC003  	MOVFF       R3, FSR0H
0x01A0	0x52EE      	MOVF        POSTINC0, 1 
0x01A2	0xE001      	BZ          L_strcpy35
;__Lib_CString.c,138 :: 		
0x01A4	0xD7E3      	BRA         L_strcpy34
L_strcpy35:
;__Lib_CString.c,139 :: 		
0x01A6	0xF000C05B  	MOVFF       FARG_strcpy_to, R0
0x01AA	0xF001C05C  	MOVFF       FARG_strcpy_to+1, R1
;__Lib_CString.c,140 :: 		
L_end_strcpy:
0x01AE	0x0012      	RETURN      0
; end of _strcpy
_NRM3232:
;__Lib_MathDouble.c,455 :: 		
;__Lib_MathDouble.c,463 :: 		
0x01B0	0x6A0C      	CLRF        R12, 0
;__Lib_MathDouble.c,464 :: 		
0x01B2	0x6A0E      	CLRF        R14, 0
;__Lib_MathDouble.c,465 :: 		
0x01B4	0x5002      	MOVF        R2, 0, 0
;__Lib_MathDouble.c,466 :: 		
0x01B6	0xA4D8      	BTFSS       STATUS, 2, 0
;__Lib_MathDouble.c,467 :: 		
0x01B8	0xF000EFF1  	GOTO        NORM3232
;__Lib_MathDouble.c,468 :: 		
0x01BC	0xF002C001  	MOVFF       R1, R2
;__Lib_MathDouble.c,469 :: 		
0x01C0	0xF001C000  	MOVFF       R0, R1
;__Lib_MathDouble.c,470 :: 		
0x01C4	0x6A00      	CLRF        R0, 0
;__Lib_MathDouble.c,471 :: 		
0x01C6	0x860E      	BSF         R14, 3, 0
;__Lib_MathDouble.c,473 :: 		
0x01C8	0x5002      	MOVF        R2, 0, 0
;__Lib_MathDouble.c,474 :: 		
0x01CA	0xA4D8      	BTFSS       STATUS, 2, 0
;__Lib_MathDouble.c,475 :: 		
0x01CC	0xF000EFF1  	GOTO        NORM3232
;__Lib_MathDouble.c,476 :: 		
0x01D0	0xF002C001  	MOVFF       R1, R2
;__Lib_MathDouble.c,477 :: 		
0x01D4	0x6A01      	CLRF        R1, 0
;__Lib_MathDouble.c,478 :: 		
0x01D6	0x960E      	BCF         R14, 3, 0
;__Lib_MathDouble.c,479 :: 		
0x01D8	0x880E      	BSF         R14, 4, 0
;__Lib_MathDouble.c,481 :: 		
0x01DA	0x5002      	MOVF        R2, 0, 0
;__Lib_MathDouble.c,482 :: 		
0x01DC	0xB4D8      	BTFSC       STATUS, 2, 0
;__Lib_MathDouble.c,483 :: 		
0x01DE	0xF001EF03  	GOTO        JPNRES032
;__Lib_MathDouble.c,484 :: 		
NORM3232:
;__Lib_MathDouble.c,485 :: 		
0x01E2	0x500E      	MOVF        R14, 0, 0
;__Lib_MathDouble.c,486 :: 		
0x01E4	0x5E03      	SUBWF       R3, 1, 0
;__Lib_MathDouble.c,487 :: 		
0x01E6	0xA4D8      	BTFSS       STATUS, 2, 0
;__Lib_MathDouble.c,488 :: 		
0x01E8	0xA0D8      	BTFSS       STATUS, 0, 0
;__Lib_MathDouble.c,489 :: 		
0x01EA	0xF001EF08  	GOTO        JPNSETFUN32
;__Lib_MathDouble.c,490 :: 		
0x01EE	0x90D8      	BCF         STATUS, 0, 0
;__Lib_MathDouble.c,491 :: 		
NORM3232A:
;__Lib_MathDouble.c,492 :: 		
0x01F0	0xBE02      	BTFSC       R2, 7, 0
;__Lib_MathDouble.c,493 :: 		
0x01F2	0xF001EF0D  	GOTO        JMPNFIXSIGN32
;__Lib_MathDouble.c,494 :: 		
0x01F6	0x3600      	RLCF        R0, 1, 0
;__Lib_MathDouble.c,495 :: 		
0x01F8	0x3601      	RLCF        R1, 1, 0
;__Lib_MathDouble.c,496 :: 		
0x01FA	0x3602      	RLCF        R2, 1, 0
;__Lib_MathDouble.c,497 :: 		
0x01FC	0x2E03      	DECFSZ      R3, 1, 0
;__Lib_MathDouble.c,498 :: 		
0x01FE	0xF000EFF8  	GOTO        NORM3232A
;__Lib_MathDouble.c,499 :: 		
0x0202	0xF001EF08  	GOTO        JPNSETFUN32
;__Lib_MathDouble.c,500 :: 		
JPNRES032:
;__Lib_MathDouble.c,501 :: 		
0x0206	0x0E01      	MOVLW       1
;__Lib_MathDouble.c,502 :: 		
0x0208	0x6E0C      	MOVWF       R12, 0
;__Lib_MathDouble.c,504 :: 		
0x020A	0xDF98      	RCALL       _RES032
;__Lib_MathDouble.c,506 :: 		
0x020C	0xF001EF10  	GOTO        NORM32EEE
;__Lib_MathDouble.c,507 :: 		
JPNSETFUN32:
;__Lib_MathDouble.c,508 :: 		
0x0210	0x0E02      	MOVLW       2
;__Lib_MathDouble.c,509 :: 		
0x0212	0x6E0C      	MOVWF       R12, 0
;__Lib_MathDouble.c,511 :: 		
0x0214	0xDF9A      	RCALL       _SETFUN32
;__Lib_MathDouble.c,513 :: 		
0x0216	0xF001EF10  	GOTO        NORM32EEE
;__Lib_MathDouble.c,514 :: 		
JMPNFIXSIGN32:
;__Lib_MathDouble.c,515 :: 		
0x021A	0x0E04      	MOVLW       4
;__Lib_MathDouble.c,516 :: 		
0x021C	0x6E0C      	MOVWF       R12, 0
;__Lib_MathDouble.c,518 :: 		
0x021E	0xDF7E      	RCALL       _FIXSIGN32
;__Lib_MathDouble.c,520 :: 		
NORM32EEE:
;__Lib_MathDouble.c,527 :: 		
L_end_NRM3232:
0x0220	0x0012      	RETURN      0
; end of _NRM3232
_Mul_32x32_FP:
;__Lib_MathDouble.c,1130 :: 		
;__Lib_MathDouble.c,1148 :: 		
0x0222	0x6A08      	CLRF        R8, 0
;__Lib_MathDouble.c,1149 :: 		
0x0224	0x6A09      	CLRF        R9, 0
;__Lib_MathDouble.c,1151 :: 		
0x0226	0x0E00      	MOVLW       0
;__Lib_MathDouble.c,1152 :: 		
0x0228	0x6207      	CPFSEQ      R7, 0
;__Lib_MathDouble.c,1153 :: 		
0x022A	0x6403      	CPFSGT      R3, 0
;__Lib_MathDouble.c,1154 :: 		
0x022C	0xF001EF96  	GOTO        MULJPRES032
;__Lib_MathDouble.c,1157 :: 		
0x0230	0x5002      	MOVF        R2, 0, 0
;__Lib_MathDouble.c,1158 :: 		
0x0232	0x1806      	XORWF       R6, 0, 0
;__Lib_MathDouble.c,1159 :: 		
0x0234	0x6E0A      	MOVWF       R10, 0
;__Lib_MathDouble.c,1161 :: 		
0x0236	0x5007      	MOVF        R7, 0, 0
;__Lib_MathDouble.c,1162 :: 		
0x0238	0x2603      	ADDWF       R3, 1, 0
;__Lib_MathDouble.c,1163 :: 		
0x023A	0x0E7E      	MOVLW       126
;__Lib_MathDouble.c,1164 :: 		
0x023C	0xA0D8      	BTFSS       STATUS, 0, 0
;__Lib_MathDouble.c,1165 :: 		
0x023E	0xF001EF27  	GOTO        MTUN32
;__Lib_MathDouble.c,1167 :: 		
0x0242	0x5E03      	SUBWF       R3, 1, 0
;__Lib_MathDouble.c,1168 :: 		
0x0244	0xB0D8      	BTFSC       STATUS, 0, 0
;__Lib_MathDouble.c,1169 :: 		
0x0246	0xF001EF9A  	GOTO        MULJPSETFOV32
;__Lib_MathDouble.c,1170 :: 		
0x024A	0xF001EF2B  	GOTO        MOK32
;__Lib_MathDouble.c,1172 :: 		
MTUN32:
;__Lib_MathDouble.c,1173 :: 		
0x024E	0x5E03      	SUBWF       R3, 1, 0
;__Lib_MathDouble.c,1174 :: 		
0x0250	0xA0D8      	BTFSS       STATUS, 0, 0
;__Lib_MathDouble.c,1175 :: 		
0x0252	0xF001EF9E  	GOTO        MULJPSETFUN32
;__Lib_MathDouble.c,1177 :: 		
MOK32:
;__Lib_MathDouble.c,1178 :: 		
0x0256	0x8E02      	BSF         R2, 7, 0
;__Lib_MathDouble.c,1179 :: 		
0x0258	0x8E06      	BSF         R6, 7, 0
;__Lib_MathDouble.c,1181 :: 		
0x025A	0xF00EC002  	MOVFF       R2, R14
;__Lib_MathDouble.c,1182 :: 		
0x025E	0xF00BC001  	MOVFF       R1, R11
;__Lib_MathDouble.c,1183 :: 		
0x0262	0xF00DC000  	MOVFF       R0, R13
;__Lib_MathDouble.c,1185 :: 		
0x0266	0x5000      	MOVF        R0, 0, 0
;__Lib_MathDouble.c,1186 :: 		
0x0268	0x0204      	MULWF       R4, 0
;__Lib_MathDouble.c,1187 :: 		
0x026A	0xF00CCFF4  	MOVFF       PRODH, R12
;__Lib_MathDouble.c,1189 :: 		
0x026E	0x5001      	MOVF        R1, 0, 0
;__Lib_MathDouble.c,1190 :: 		
0x0270	0x0205      	MULWF       R5, 0
;__Lib_MathDouble.c,1191 :: 		
0x0272	0xF000CFF4  	MOVFF       PRODH, R0
;__Lib_MathDouble.c,1192 :: 		
0x0276	0xF008CFF3  	MOVFF       PRODL, R8
;__Lib_MathDouble.c,1194 :: 		
0x027A	0x0204      	MULWF       R4, 0
;__Lib_MathDouble.c,1195 :: 		
0x027C	0x50F3      	MOVF        PRODL, 0, 0
;__Lib_MathDouble.c,1196 :: 		
0x027E	0x260C      	ADDWF       R12, 1, 0
;__Lib_MathDouble.c,1197 :: 		
0x0280	0x50F4      	MOVF        PRODH, 0, 0
;__Lib_MathDouble.c,1198 :: 		
0x0282	0x2208      	ADDWFC      R8, 1, 0
;__Lib_MathDouble.c,1199 :: 		
0x0284	0x0E00      	MOVLW       0
;__Lib_MathDouble.c,1200 :: 		
0x0286	0x2200      	ADDWFC      R0, 1, 0
;__Lib_MathDouble.c,1202 :: 		
0x0288	0x500D      	MOVF        R13, 0, 0
;__Lib_MathDouble.c,1203 :: 		
0x028A	0x0205      	MULWF       R5, 0
;__Lib_MathDouble.c,1204 :: 		
0x028C	0x50F3      	MOVF        PRODL, 0, 0
;__Lib_MathDouble.c,1205 :: 		
0x028E	0x260C      	ADDWF       R12, 1, 0
;__Lib_MathDouble.c,1206 :: 		
0x0290	0x50F4      	MOVF        PRODH, 0, 0
;__Lib_MathDouble.c,1207 :: 		
0x0292	0x2208      	ADDWFC      R8, 1, 0
;__Lib_MathDouble.c,1208 :: 		
0x0294	0x0E00      	MOVLW       0
;__Lib_MathDouble.c,1209 :: 		
0x0296	0x2200      	ADDWFC      R0, 1, 0
;__Lib_MathDouble.c,1211 :: 		
0x0298	0x5002      	MOVF        R2, 0, 0
;__Lib_MathDouble.c,1212 :: 		
0x029A	0x0204      	MULWF       R4, 0
;__Lib_MathDouble.c,1213 :: 		
0x029C	0x50F3      	MOVF        PRODL, 0, 0
;__Lib_MathDouble.c,1214 :: 		
0x029E	0x2608      	ADDWF       R8, 1, 0
;__Lib_MathDouble.c,1215 :: 		
0x02A0	0x50F4      	MOVF        PRODH, 0, 0
;__Lib_MathDouble.c,1216 :: 		
0x02A2	0x2200      	ADDWFC      R0, 1, 0
;__Lib_MathDouble.c,1217 :: 		
0x02A4	0x5002      	MOVF        R2, 0, 0
;__Lib_MathDouble.c,1218 :: 		
0x02A6	0x0205      	MULWF       R5, 0
;__Lib_MathDouble.c,1219 :: 		
0x02A8	0x6A01      	CLRF        R1, 0
;__Lib_MathDouble.c,1220 :: 		
0x02AA	0x0E00      	MOVLW       0
;__Lib_MathDouble.c,1221 :: 		
0x02AC	0x2201      	ADDWFC      R1, 1, 0
;__Lib_MathDouble.c,1222 :: 		
0x02AE	0x50F3      	MOVF        PRODL, 0, 0
;__Lib_MathDouble.c,1223 :: 		
0x02B0	0x2600      	ADDWF       R0, 1, 0
;__Lib_MathDouble.c,1224 :: 		
0x02B2	0x50F4      	MOVF        PRODH, 0, 0
;__Lib_MathDouble.c,1225 :: 		
0x02B4	0x2201      	ADDWFC      R1, 1, 0
;__Lib_MathDouble.c,1227 :: 		
0x02B6	0x500D      	MOVF        R13, 0, 0
;__Lib_MathDouble.c,1228 :: 		
0x02B8	0x0206      	MULWF       R6, 0
;__Lib_MathDouble.c,1229 :: 		
0x02BA	0x50F3      	MOVF        PRODL, 0, 0
;__Lib_MathDouble.c,1230 :: 		
0x02BC	0x2608      	ADDWF       R8, 1, 0
;__Lib_MathDouble.c,1231 :: 		
0x02BE	0x50F4      	MOVF        PRODH, 0, 0
;__Lib_MathDouble.c,1232 :: 		
0x02C0	0x2200      	ADDWFC      R0, 1, 0
;__Lib_MathDouble.c,1233 :: 		
0x02C2	0x6A02      	CLRF        R2, 0
;__Lib_MathDouble.c,1234 :: 		
0x02C4	0x0E00      	MOVLW       0
;__Lib_MathDouble.c,1235 :: 		
0x02C6	0x2201      	ADDWFC      R1, 1, 0
;__Lib_MathDouble.c,1236 :: 		
0x02C8	0x2202      	ADDWFC      R2, 1, 0
;__Lib_MathDouble.c,1238 :: 		
0x02CA	0x500B      	MOVF        R11, 0, 0
;__Lib_MathDouble.c,1239 :: 		
0x02CC	0x0206      	MULWF       R6, 0
;__Lib_MathDouble.c,1240 :: 		
0x02CE	0x50F3      	MOVF        PRODL, 0, 0
;__Lib_MathDouble.c,1241 :: 		
0x02D0	0x2600      	ADDWF       R0, 1, 0
;__Lib_MathDouble.c,1242 :: 		
0x02D2	0x50F4      	MOVF        PRODH, 0, 0
;__Lib_MathDouble.c,1243 :: 		
0x02D4	0x2201      	ADDWFC      R1, 1, 0
;__Lib_MathDouble.c,1244 :: 		
0x02D6	0x0E00      	MOVLW       0
;__Lib_MathDouble.c,1245 :: 		
0x02D8	0x2202      	ADDWFC      R2, 1, 0
;__Lib_MathDouble.c,1247 :: 		
0x02DA	0x500E      	MOVF        R14, 0, 0
;__Lib_MathDouble.c,1248 :: 		
0x02DC	0x0206      	MULWF       R6, 0
;__Lib_MathDouble.c,1249 :: 		
0x02DE	0x50F3      	MOVF        PRODL, 0, 0
;__Lib_MathDouble.c,1250 :: 		
0x02E0	0x2601      	ADDWF       R1, 1, 0
;__Lib_MathDouble.c,1251 :: 		
0x02E2	0x50F4      	MOVF        PRODH, 0, 0
;__Lib_MathDouble.c,1252 :: 		
0x02E4	0x2202      	ADDWFC      R2, 1, 0
;__Lib_MathDouble.c,1254 :: 		
0x02E6	0xBE02      	BTFSC       R2, 7, 0
;__Lib_MathDouble.c,1255 :: 		
0x02E8	0xF001EF7E  	GOTO        MROUND32
;__Lib_MathDouble.c,1256 :: 		
0x02EC	0x3608      	RLCF        R8, 1, 0
;__Lib_MathDouble.c,1257 :: 		
0x02EE	0x3600      	RLCF        R0, 1, 0
;__Lib_MathDouble.c,1258 :: 		
0x02F0	0x3601      	RLCF        R1, 1, 0
;__Lib_MathDouble.c,1259 :: 		
0x02F2	0x3602      	RLCF        R2, 1, 0
;__Lib_MathDouble.c,1260 :: 		
0x02F4	0x0603      	DECF        R3, 1, 0
;__Lib_MathDouble.c,1261 :: 		
0x02F6	0xB4D8      	BTFSC       STATUS, 2, 0
;__Lib_MathDouble.c,1262 :: 		
0x02F8	0xF001EF9E  	GOTO        MULJPSETFUN32
;__Lib_MathDouble.c,1264 :: 		
MROUND32:
;__Lib_MathDouble.c,1267 :: 		
0x02FC	0xF001EF91  	GOTO        MUL32OK
;__Lib_MathDouble.c,1268 :: 		
0x0300	0x80D8      	BSF         STATUS, 0, 0
;__Lib_MathDouble.c,1269 :: 		
0x0302	0x0E80      	MOVLW       128
;__Lib_MathDouble.c,1270 :: 		
0x0304	0x6408      	CPFSGT      R8, 0
;__Lib_MathDouble.c,1271 :: 		
0x0306	0x3000      	RRCF        R0, 0, 0
;__Lib_MathDouble.c,1272 :: 		
0x0308	0x0E00      	MOVLW       0
;__Lib_MathDouble.c,1273 :: 		
0x030A	0x2200      	ADDWFC      R0, 1, 0
;__Lib_MathDouble.c,1274 :: 		
0x030C	0x2201      	ADDWFC      R1, 1, 0
;__Lib_MathDouble.c,1275 :: 		
0x030E	0x2202      	ADDWFC      R2, 1, 0
;__Lib_MathDouble.c,1277 :: 		
0x0310	0xA0D8      	BTFSS       STATUS, 0, 0
;__Lib_MathDouble.c,1278 :: 		
0x0312	0xF001EF91  	GOTO        MUL32OK
;__Lib_MathDouble.c,1279 :: 		
0x0316	0x3202      	RRCF        R2, 1, 0
;__Lib_MathDouble.c,1280 :: 		
0x0318	0x3201      	RRCF        R1, 1, 0
;__Lib_MathDouble.c,1281 :: 		
0x031A	0x3200      	RRCF        R0, 1, 0
;__Lib_MathDouble.c,1282 :: 		
0x031C	0x4A03      	INFSNZ      R3, 1, 0
;__Lib_MathDouble.c,1283 :: 		
0x031E	0xF001EF9A  	GOTO        MULJPSETFOV32
;__Lib_MathDouble.c,1285 :: 		
MUL32OK:
;__Lib_MathDouble.c,1286 :: 		
0x0322	0xAE0A      	BTFSS       R10, 7, 0
;__Lib_MathDouble.c,1287 :: 		
0x0324	0x9E02      	BCF         R2, 7, 0
;__Lib_MathDouble.c,1289 :: 		
0x0326	0x0E00      	MOVLW       0
;__Lib_MathDouble.c,1290 :: 		
0x0328	0xF001EFA0  	GOTO        MULEEE
;__Lib_MathDouble.c,1291 :: 		
MULJPRES032:
;__Lib_MathDouble.c,1292 :: 		
0x032C	0x0E01      	MOVLW       1
;__Lib_MathDouble.c,1295 :: 		
0x032E	0xDF06      	RCALL       _RES032
;__Lib_MathDouble.c,1297 :: 		
0x0330	0xF001EFA0  	GOTO        MULEEE
;__Lib_MathDouble.c,1298 :: 		
MULJPSETFOV32:
;__Lib_MathDouble.c,1299 :: 		
0x0334	0x0E02      	MOVLW       2
;__Lib_MathDouble.c,1302 :: 		
0x0336	0xDEF6      	RCALL       _SETFOV32
;__Lib_MathDouble.c,1304 :: 		
0x0338	0xF001EFA0  	GOTO        MULEEE
;__Lib_MathDouble.c,1305 :: 		
MULJPSETFUN32:
;__Lib_MathDouble.c,1306 :: 		
0x033C	0x0E04      	MOVLW       4
;__Lib_MathDouble.c,1309 :: 		
0x033E	0xDF05      	RCALL       _SETFUN32
;__Lib_MathDouble.c,1311 :: 		
MULEEE:
;__Lib_MathDouble.c,1318 :: 		
L_end_Mul_32x32_FP:
0x0340	0x0012      	RETURN      0
; end of _Mul_32x32_FP
_UART1_Write:
;__Lib_UART_c67.c,58 :: 		
;__Lib_UART_c67.c,59 :: 		
L_UART1_Write3:
0x0342	0xB2AC      	BTFSC       TXSTA, 1 
0x0344	0xD002      	BRA         L_UART1_Write4
;__Lib_UART_c67.c,60 :: 		
0x0346	0x0000      	NOP
0x0348	0xD7FC      	BRA         L_UART1_Write3
L_UART1_Write4:
;__Lib_UART_c67.c,61 :: 		
0x034A	0xFFADC05B  	MOVFF       FARG_UART1_Write_data_, TXREG
;__Lib_UART_c67.c,62 :: 		
L_end_UART1_Write:
0x034E	0x0012      	RETURN      0
; end of _UART1_Write
_Div_8X8_U:
;__Lib_Math.c,77 :: 		
;__Lib_Math.c,84 :: 		
0x0350	0x6A08      	CLRF        R8, 0
;__Lib_Math.c,85 :: 		
0x0352	0x0E08      	MOVLW       8
;__Lib_Math.c,86 :: 		
0x0354	0x6E0C      	MOVWF       R12, 0
;__Lib_Math.c,87 :: 		
0x0356	0x3400      	RLCF        R0, 0, 0
;__Lib_Math.c,88 :: 		
0x0358	0x3608      	RLCF        R8, 1, 0
;__Lib_Math.c,89 :: 		
0x035A	0x5004      	MOVF        R4, 0, 0
;__Lib_Math.c,90 :: 		
0x035C	0x5E08      	SUBWF       R8, 1, 0
;__Lib_Math.c,91 :: 		
0x035E	0xB0D8      	BTFSC       STATUS, 0, 0
;__Lib_Math.c,92 :: 		
0x0360	0xD002      	BRA         $+6
;__Lib_Math.c,93 :: 		
0x0362	0x2608      	ADDWF       R8, 1, 0
;__Lib_Math.c,94 :: 		
0x0364	0x90D8      	BCF         STATUS, 0, 0
;__Lib_Math.c,95 :: 		
0x0366	0x3600      	RLCF        R0, 1, 0
;__Lib_Math.c,96 :: 		
0x0368	0x2E0C      	DECFSZ      R12, 1, 0
;__Lib_Math.c,97 :: 		
0x036A	0xD7F5      	BRA         $-20
;__Lib_Math.c,99 :: 		
L_end_Div_8X8_U:
0x036C	0x0012      	RETURN      0
; end of _Div_8X8_U
_Compare_Double:
;__Lib_MathDouble.c,2518 :: 		
;__Lib_MathDouble.c,2529 :: 		
0x036E	0x6A0A      	CLRF        R10, 0
;__Lib_MathDouble.c,2530 :: 		
0x0370	0x5003      	MOVF        R3, 0, 0
;__Lib_MathDouble.c,2531 :: 		
0x0372	0xA4D8      	BTFSS       STATUS, 2, 0
;__Lib_MathDouble.c,2532 :: 		
0x0374	0x800A      	BSF         R10, 0, 0
;__Lib_MathDouble.c,2533 :: 		
0x0376	0x5007      	MOVF        R7, 0, 0
;__Lib_MathDouble.c,2534 :: 		
0x0378	0xA4D8      	BTFSS       STATUS, 2, 0
;__Lib_MathDouble.c,2535 :: 		
0x037A	0x820A      	BSF         R10, 1, 0
;__Lib_MathDouble.c,2537 :: 		
0x037C	0x500A      	MOVF        R10, 0, 0
;__Lib_MathDouble.c,2538 :: 		
0x037E	0xB4D8      	BTFSC       STATUS, 2, 0
;__Lib_MathDouble.c,2539 :: 		
0x0380	0xF002EF1A  	GOTO        COMPARE_EQU
;__Lib_MathDouble.c,2540 :: 		
0x0384	0x0A03      	XORLW       3
;__Lib_MathDouble.c,2541 :: 		
0x0386	0xB4D8      	BTFSC       STATUS, 2, 0
;__Lib_MathDouble.c,2542 :: 		
0x0388	0xF001EFD3  	GOTO        COMPARE_NOTZERO
;__Lib_MathDouble.c,2544 :: 		
0x038C	0xB00A      	BTFSC       R10, 0, 0
;__Lib_MathDouble.c,2545 :: 		
0x038E	0xF001EFCE  	GOTO        COMPARE_XNOTZERO
;__Lib_MathDouble.c,2547 :: 		
0x0392	0xAE06      	BTFSS       R6, 7, 0
;__Lib_MathDouble.c,2548 :: 		
0x0394	0xF002EF18  	GOTO        COMPARE_LT
;__Lib_MathDouble.c,2549 :: 		
0x0398	0xF002EF16  	GOTO        COMPARE_GT
;__Lib_MathDouble.c,2550 :: 		
COMPARE_XNOTZERO:
;__Lib_MathDouble.c,2551 :: 		
0x039C	0xAE02      	BTFSS       R2, 7, 0
;__Lib_MathDouble.c,2552 :: 		
0x039E	0xF002EF16  	GOTO        COMPARE_GT
;__Lib_MathDouble.c,2553 :: 		
0x03A2	0xF002EF18  	GOTO        COMPARE_LT
;__Lib_MathDouble.c,2555 :: 		
COMPARE_NOTZERO:
;__Lib_MathDouble.c,2556 :: 		
0x03A6	0x5002      	MOVF        R2, 0, 0
;__Lib_MathDouble.c,2557 :: 		
0x03A8	0x0B80      	ANDLW       128
;__Lib_MathDouble.c,2558 :: 		
0x03AA	0x6E0A      	MOVWF       R10, 0
;__Lib_MathDouble.c,2559 :: 		
0x03AC	0x9E02      	BCF         R2, 7, 0
;__Lib_MathDouble.c,2561 :: 		
0x03AE	0x5006      	MOVF        R6, 0, 0
;__Lib_MathDouble.c,2562 :: 		
0x03B0	0x0B80      	ANDLW       128
;__Lib_MathDouble.c,2563 :: 		
0x03B2	0x9E06      	BCF         R6, 7, 0
;__Lib_MathDouble.c,2565 :: 		
0x03B4	0x180A      	XORWF       R10, 0, 0
;__Lib_MathDouble.c,2566 :: 		
0x03B6	0xB4D8      	BTFSC       STATUS, 2, 0
;__Lib_MathDouble.c,2567 :: 		
0x03B8	0xF001EFE4  	GOTO        COMPARE_TESTALL
;__Lib_MathDouble.c,2569 :: 		
0x03BC	0x500A      	MOVF        R10, 0, 0
;__Lib_MathDouble.c,2570 :: 		
0x03BE	0xB4D8      	BTFSC       STATUS, 2, 0
;__Lib_MathDouble.c,2571 :: 		
0x03C0	0xF002EF16  	GOTO        COMPARE_GT
;__Lib_MathDouble.c,2572 :: 		
0x03C4	0xF002EF18  	GOTO        COMPARE_LT
;__Lib_MathDouble.c,2574 :: 		
COMPARE_TESTALL:
;__Lib_MathDouble.c,2575 :: 		
0x03C8	0x5007      	MOVF        R7, 0, 0
;__Lib_MathDouble.c,2576 :: 		
0x03CA	0x5C03      	SUBWF       R3, 0, 0
;__Lib_MathDouble.c,2577 :: 		
0x03CC	0xB4D8      	BTFSC       STATUS, 2, 0
;__Lib_MathDouble.c,2578 :: 		
0x03CE	0xF001EFEE  	GOTO        COMPARE_C1
;__Lib_MathDouble.c,2579 :: 		
0x03D2	0xA0D8      	BTFSS       STATUS, 0, 0
;__Lib_MathDouble.c,2580 :: 		
0x03D4	0xF002EF0A  	GOTO        GT_FALSE
;__Lib_MathDouble.c,2581 :: 		
0x03D8	0xF002EF10  	GOTO        GT_TRUE
;__Lib_MathDouble.c,2582 :: 		
COMPARE_C1:
;__Lib_MathDouble.c,2583 :: 		
0x03DC	0x5006      	MOVF        R6, 0, 0
;__Lib_MathDouble.c,2584 :: 		
0x03DE	0x5C02      	SUBWF       R2, 0, 0
;__Lib_MathDouble.c,2585 :: 		
0x03E0	0xB4D8      	BTFSC       STATUS, 2, 0
;__Lib_MathDouble.c,2586 :: 		
0x03E2	0xF001EFF8  	GOTO        COMPARE_C2
;__Lib_MathDouble.c,2587 :: 		
0x03E6	0xA0D8      	BTFSS       STATUS, 0, 0
;__Lib_MathDouble.c,2588 :: 		
0x03E8	0xF002EF0A  	GOTO        GT_FALSE
;__Lib_MathDouble.c,2589 :: 		
0x03EC	0xF002EF10  	GOTO        GT_TRUE
;__Lib_MathDouble.c,2590 :: 		
COMPARE_C2:
;__Lib_MathDouble.c,2591 :: 		
0x03F0	0x5005      	MOVF        R5, 0, 0
;__Lib_MathDouble.c,2592 :: 		
0x03F2	0x5C01      	SUBWF       R1, 0, 0
;__Lib_MathDouble.c,2593 :: 		
0x03F4	0xB4D8      	BTFSC       STATUS, 2, 0
;__Lib_MathDouble.c,2594 :: 		
0x03F6	0xF002EF02  	GOTO        COMPARE_C3
;__Lib_MathDouble.c,2595 :: 		
0x03FA	0xA0D8      	BTFSS       STATUS, 0, 0
;__Lib_MathDouble.c,2596 :: 		
0x03FC	0xF002EF0A  	GOTO        GT_FALSE
;__Lib_MathDouble.c,2597 :: 		
0x0400	0xF002EF10  	GOTO        GT_TRUE
;__Lib_MathDouble.c,2598 :: 		
COMPARE_C3:
;__Lib_MathDouble.c,2599 :: 		
0x0404	0x5004      	MOVF        R4, 0, 0
;__Lib_MathDouble.c,2600 :: 		
0x0406	0x5C00      	SUBWF       R0, 0, 0
;__Lib_MathDouble.c,2601 :: 		
0x0408	0xB4D8      	BTFSC       STATUS, 2, 0
;__Lib_MathDouble.c,2602 :: 		
0x040A	0xF002EF1A  	GOTO        COMPARE_EQU
;__Lib_MathDouble.c,2603 :: 		
0x040E	0xB0D8      	BTFSC       STATUS, 0, 0
;__Lib_MathDouble.c,2604 :: 		
0x0410	0xF002EF10  	GOTO        GT_TRUE
;__Lib_MathDouble.c,2606 :: 		
GT_FALSE:
;__Lib_MathDouble.c,2607 :: 		
0x0414	0x520A      	MOVF        R10, 1, 0
;__Lib_MathDouble.c,2608 :: 		
0x0416	0xB4D8      	BTFSC       STATUS, 2, 0
;__Lib_MathDouble.c,2609 :: 		
0x0418	0xF002EF18  	GOTO        COMPARE_LT
;__Lib_MathDouble.c,2610 :: 		
0x041C	0xF002EF16  	GOTO        COMPARE_GT
;__Lib_MathDouble.c,2611 :: 		
GT_TRUE:
;__Lib_MathDouble.c,2612 :: 		
0x0420	0x520A      	MOVF        R10, 1, 0
;__Lib_MathDouble.c,2613 :: 		
0x0422	0xB4D8      	BTFSC       STATUS, 2, 0
;__Lib_MathDouble.c,2614 :: 		
0x0424	0xF002EF16  	GOTO        COMPARE_GT
;__Lib_MathDouble.c,2615 :: 		
0x0428	0xF002EF18  	GOTO        COMPARE_LT
;__Lib_MathDouble.c,2617 :: 		
COMPARE_GT:
;__Lib_MathDouble.c,2620 :: 		
0x042C	0x80D8      	BSF         STATUS, 0, 0
;__Lib_MathDouble.c,2621 :: 		
0x042E	0x0012      	RETURN      0
;__Lib_MathDouble.c,2622 :: 		
COMPARE_LT:
;__Lib_MathDouble.c,2625 :: 		
0x0430	0x90D8      	BCF         STATUS, 0, 0
;__Lib_MathDouble.c,2626 :: 		
0x0432	0x0012      	RETURN      0
;__Lib_MathDouble.c,2627 :: 		
COMPARE_EQU:
;__Lib_MathDouble.c,2630 :: 		
0x0434	0x80D8      	BSF         STATUS, 0, 0
;__Lib_MathDouble.c,2631 :: 		
0x0436	0x84D8      	BSF         STATUS, 2, 0
;__Lib_MathDouble.c,2632 :: 		
0x0438	0x0012      	RETURN      0
;__Lib_MathDouble.c,2634 :: 		
L_end_Compare_Double:
0x043A	0x0012      	RETURN      0
; end of _Compare_Double
_word2double:
;__Lib_MathDouble.c,2335 :: 		
;__Lib_MathDouble.c,2344 :: 		
0x043C	0x5000      	MOVF        R0, 0, 0
;__Lib_MathDouble.c,2345 :: 		
0x043E	0x6E08      	MOVWF       R8, 0
;__Lib_MathDouble.c,2346 :: 		
0x0440	0x5001      	MOVF        R1, 0, 0
;__Lib_MathDouble.c,2347 :: 		
0x0442	0x6E00      	MOVWF       R0, 0
;__Lib_MathDouble.c,2348 :: 		
0x0444	0x6A01      	CLRF        R1, 0
;__Lib_MathDouble.c,2349 :: 		
0x0446	0x6A02      	CLRF        R2, 0
;__Lib_MathDouble.c,2350 :: 		
0x0448	0x6A03      	CLRF        R3, 0
;__Lib_MathDouble.c,2353 :: 		
0x044A	0x6A0B      	CLRF        R11, 0
;__Lib_MathDouble.c,2354 :: 		
0x044C	0x6A0C      	CLRF        R12, 0
;__Lib_MathDouble.c,2356 :: 		
0x044E	0x0E96      	MOVLW       150
;__Lib_MathDouble.c,2357 :: 		
0x0450	0x6E03      	MOVWF       R3, 0
;__Lib_MathDouble.c,2358 :: 		
0x0452	0x6A0A      	CLRF        R10, 0
;__Lib_MathDouble.c,2360 :: 		
0x0454	0xF001C000  	MOVFF       R0, R1
;__Lib_MathDouble.c,2361 :: 		
0x0458	0xF000C008  	MOVFF       R8, R0
;__Lib_MathDouble.c,2362 :: 		
0x045C	0x6A08      	CLRF        R8, 0
;__Lib_MathDouble.c,2363 :: 		
0x045E	0x6A02      	CLRF        R2, 0
;__Lib_MathDouble.c,2365 :: 		
0x0460	0xDEA7      	RCALL       _NRM3232
;__Lib_MathDouble.c,2366 :: 		
L_end_word2double:
0x0462	0x0012      	RETURN      0
; end of _word2double
_UART1_Init:
;__Lib_UART_c67.c,15 :: 		
;__Lib_UART_c67.c,18 :: 		
0x0464	0x0E42      	MOVLW       _UART1_Write
0x0466	0x6E3F      	MOVWF       _UART_Wr_Ptr 
0x0468	0x0E03      	MOVLW       hi_addr(_UART1_Write)
0x046A	0x6E40      	MOVWF       _UART_Wr_Ptr+1 
0x046C	0x0E5B      	MOVLW       FARG_UART1_Write_data_
0x046E	0x6E41      	MOVWF       _UART_Wr_Ptr+2 
0x0470	0x0E00      	MOVLW       hi_addr(FARG_UART1_Write_data_)
0x0472	0x6E42      	MOVWF       _UART_Wr_Ptr+3 
;__Lib_UART_c67.c,19 :: 		
0x0474	0x0EFF      	MOVLW       _UART1_Read
0x0476	0x6E3B      	MOVWF       _UART_Rd_Ptr 
0x0478	0x0EFF      	MOVLW       hi_addr(_UART1_Read)
0x047A	0x6E3C      	MOVWF       _UART_Rd_Ptr+1 
0x047C	0x0E00      	MOVLW       0
0x047E	0x6E3D      	MOVWF       _UART_Rd_Ptr+2 
0x0480	0x0E00      	MOVLW       0
0x0482	0x6E3E      	MOVWF       _UART_Rd_Ptr+3 
;__Lib_UART_c67.c,20 :: 		
0x0484	0x0EFF      	MOVLW       _UART1_Data_Ready
0x0486	0x6E37      	MOVWF       _UART_Rdy_Ptr 
0x0488	0x0EFF      	MOVLW       hi_addr(_UART1_Data_Ready)
0x048A	0x6E38      	MOVWF       _UART_Rdy_Ptr+1 
0x048C	0x0E00      	MOVLW       0
0x048E	0x6E39      	MOVWF       _UART_Rdy_Ptr+2 
0x0490	0x0E00      	MOVLW       0
0x0492	0x6E3A      	MOVWF       _UART_Rdy_Ptr+3 
;__Lib_UART_c67.c,21 :: 		
0x0494	0x0EDA      	MOVLW       _UART1_Tx_Idle
0x0496	0x6E49      	MOVWF       _UART_Tx_Idle_Ptr 
0x0498	0x0E04      	MOVLW       hi_addr(_UART1_Tx_Idle)
0x049A	0x6E4A      	MOVWF       _UART_Tx_Idle_Ptr+1 
0x049C	0x0E00      	MOVLW       0
0x049E	0x6E4B      	MOVWF       _UART_Tx_Idle_Ptr+2 
0x04A0	0x0E00      	MOVLW       0
0x04A2	0x6E4C      	MOVWF       _UART_Tx_Idle_Ptr+3 
;__Lib_UART_c67.c,23 :: 		
0x04A4	0x8AAC      	BSF         TXSTA, 5 
;__Lib_UART_c67.c,24 :: 		
0x04A6	0x0E90      	MOVLW       144
0x04A8	0x6EAB      	MOVWF       RCSTA 
;__Lib_UART_c67.c,25 :: 		
0x04AA	0x8E94      	BSF         TRISC7_bit, BitPos(TRISC7_bit+0) 
;__Lib_UART_c67.c,26 :: 		
0x04AC	0x9C94      	BCF         TRISC6_bit, BitPos(TRISC6_bit+0) 
;__Lib_UART_c67.c,28 :: 		
L_UART1_Init0:
0x04AE	0xAA9E      	BTFSS       PIR1, 5 
0x04B0	0xD003      	BRA         L_UART1_Init1
;__Lib_UART_c67.c,29 :: 		
0x04B2	0xF000CFAE  	MOVFF       RCREG, R0
0x04B6	0xD7FB      	BRA         L_UART1_Init0
L_UART1_Init1:
;__Lib_UART_c67.c,30 :: 		
L_end_UART1_Init:
0x04B8	0x0012      	RETURN      0
; end of _UART1_Init
___CC2DW:
;__Lib_System.c,21 :: 		
;__Lib_System.c,23 :: 		
_CC2DL_Loop1:
;__Lib_System.c,24 :: 		
0x04BA	0x0009      	TBLRD*+
;__Lib_System.c,25 :: 		
0x04BC	0xFFE6CFF5  	MOVFF       TABLAT, POSTINC1
;__Lib_System.c,26 :: 		
0x04C0	0x0600      	DECF        R0, 1, 0
;__Lib_System.c,27 :: 		
0x04C2	0xE1FB      	BNZ         _CC2DL_Loop1
;__Lib_System.c,28 :: 		
0x04C4	0x0601      	DECF        R1, 1, 0
;__Lib_System.c,29 :: 		
0x04C6	0xE1F9      	BNZ         _CC2DL_Loop1
;__Lib_System.c,31 :: 		
L_end___CC2DW:
0x04C8	0x0012      	RETURN      0
; end of ___CC2DW
_sendTrig:
;hae.c,8 :: 		void sendTrig(){
;hae.c,9 :: 		PORTB.B1 = 1;
0x04CA	0x8281      	BSF         PORTB, 1 
;hae.c,10 :: 		Delay_us(10);
0x04CC	0x0E06      	MOVLW       6
0x04CE	0x6E0D      	MOVWF       R13, 0
L_sendTrig0:
0x04D0	0x2E0D      	DECFSZ      R13, 1, 0
0x04D2	0xD7FE      	BRA         L_sendTrig0
0x04D4	0x0000      	NOP
;hae.c,11 :: 		PORTB.B1 = 0;
0x04D6	0x9281      	BCF         PORTB, 1 
;hae.c,12 :: 		}
L_end_sendTrig:
0x04D8	0x0012      	RETURN      0
; end of _sendTrig
_UART1_Tx_Idle:
;__Lib_UART_c67.c,52 :: 		
;__Lib_UART_c67.c,53 :: 		
0x04DA	0x0E00      	MOVLW       0
0x04DC	0xB2AC      	BTFSC       TXSTA, 1 
0x04DE	0x0E01      	MOVLW       1
0x04E0	0x6E00      	MOVWF       R0 
;__Lib_UART_c67.c,54 :: 		
L_end_UART1_Tx_Idle:
0x04E2	0x0012      	RETURN      0
; end of _UART1_Tx_Idle
_FloatToStr:
;__Lib_Conversions.c,472 :: 		
;__Lib_Conversions.c,474 :: 		
0x04E4	0x6A59      	CLRF        FloatToStr_bpoint_L0 
0x04E6	0x6A5A      	CLRF        FloatToStr_dexpon_L0 
;__Lib_Conversions.c,479 :: 		
0x04E8	0xF055C04D  	MOVFF       FARG_FloatToStr_fnum, FloatToStr_un_L0
0x04EC	0xF056C04E  	MOVFF       FARG_FloatToStr_fnum+1, FloatToStr_un_L0+1
0x04F0	0xF057C04F  	MOVFF       FARG_FloatToStr_fnum+2, FloatToStr_un_L0+2
0x04F4	0xF058C050  	MOVFF       FARG_FloatToStr_fnum+3, FloatToStr_un_L0+3
;__Lib_Conversions.c,480 :: 		
0x04F8	0x5058      	MOVF        FloatToStr_un_L0+3, 0 
0x04FA	0x0AFF      	XORLW       255
0x04FC	0xE108      	BNZ         L__FloatToStr145
0x04FE	0x5057      	MOVF        FloatToStr_un_L0+2, 0 
0x0500	0x0AFF      	XORLW       255
0x0502	0xE105      	BNZ         L__FloatToStr145
0x0504	0x5056      	MOVF        FloatToStr_un_L0+1, 0 
0x0506	0x0AFF      	XORLW       255
0x0508	0xE102      	BNZ         L__FloatToStr145
0x050A	0x5055      	MOVF        FloatToStr_un_L0, 0 
0x050C	0x0AFF      	XORLW       255
L__FloatToStr145:
0x050E	0xE10C      	BNZ         L_FloatToStr76
;__Lib_Conversions.c,481 :: 		
0x0510	0xF05BC051  	MOVFF       FARG_FloatToStr_str, FARG_strcpy_to
0x0514	0xF05CC052  	MOVFF       FARG_FloatToStr_str+1, FARG_strcpy_to+1
0x0518	0x0E21      	MOVLW       ?lstr1___Lib_Conversions
0x051A	0x6E5D      	MOVWF       FARG_strcpy_from 
0x051C	0x0E00      	MOVLW       hi_addr(?lstr1___Lib_Conversions)
0x051E	0x6E5E      	MOVWF       FARG_strcpy_from+1 
0x0520	0xDE21      	RCALL       _strcpy
;__Lib_Conversions.c,482 :: 		
0x0522	0x0E03      	MOVLW       3
0x0524	0x6E00      	MOVWF       R0 
0x0526	0xD1E5      	BRA         L_end_FloatToStr
;__Lib_Conversions.c,483 :: 		
L_FloatToStr76:
;__Lib_Conversions.c,484 :: 		
0x0528	0x0E01      	MOVLW       1
0x052A	0x6E53      	MOVWF       FloatToStr_i_L0 
;__Lib_Conversions.c,485 :: 		
0x052C	0xAE57      	BTFSS       FloatToStr_un_L0+2, 7 
0x052E	0xD00E      	BRA         L_FloatToStr77
;__Lib_Conversions.c,486 :: 		
0x0530	0x0E80      	MOVLW       128
0x0532	0x1857      	XORWF       FloatToStr_un_L0+2, 0 
0x0534	0x6E00      	MOVWF       R0 
0x0536	0xF057C000  	MOVFF       R0, FloatToStr_un_L0+2
;__Lib_Conversions.c,487 :: 		
0x053A	0x2A53      	INCF        FloatToStr_i_L0, 1 
;__Lib_Conversions.c,488 :: 		
0x053C	0xFFE1C051  	MOVFF       FARG_FloatToStr_str, FSR1L
0x0540	0xFFE2C052  	MOVFF       FARG_FloatToStr_str+1, FSR1H
0x0544	0x0E2D      	MOVLW       45
0x0546	0x6EE6      	MOVWF       POSTINC1 
0x0548	0x4A51      	INFSNZ      FARG_FloatToStr_str, 1 
0x054A	0x2A52      	INCF        FARG_FloatToStr_str+1, 1 
;__Lib_Conversions.c,489 :: 		
L_FloatToStr77:
;__Lib_Conversions.c,490 :: 		
0x054C	0x0E00      	MOVLW       0
0x054E	0x6E00      	MOVWF       R0 
0x0550	0x1858      	XORWF       FloatToStr_un_L0+3, 0 
0x0552	0xE108      	BNZ         L__FloatToStr146
0x0554	0x5000      	MOVF        R0, 0 
0x0556	0x1857      	XORWF       FloatToStr_un_L0+2, 0 
0x0558	0xE105      	BNZ         L__FloatToStr146
0x055A	0x5000      	MOVF        R0, 0 
0x055C	0x1856      	XORWF       FloatToStr_un_L0+1, 0 
0x055E	0xE102      	BNZ         L__FloatToStr146
0x0560	0x5055      	MOVF        FloatToStr_un_L0, 0 
0x0562	0x0A00      	XORLW       0
L__FloatToStr146:
0x0564	0xE10B      	BNZ         L_FloatToStr78
;__Lib_Conversions.c,491 :: 		
0x0566	0xF05BC051  	MOVFF       FARG_FloatToStr_str, FARG_strcpy_to
0x056A	0xF05CC052  	MOVFF       FARG_FloatToStr_str+1, FARG_strcpy_to+1
0x056E	0x0E1F      	MOVLW       ?lstr2___Lib_Conversions
0x0570	0x6E5D      	MOVWF       FARG_strcpy_from 
0x0572	0x0E00      	MOVLW       hi_addr(?lstr2___Lib_Conversions)
0x0574	0x6E5E      	MOVWF       FARG_strcpy_from+1 
0x0576	0xDDF6      	RCALL       _strcpy
;__Lib_Conversions.c,492 :: 		
0x0578	0x6A00      	CLRF        R0 
0x057A	0xD1BB      	BRA         L_end_FloatToStr
;__Lib_Conversions.c,493 :: 		
L_FloatToStr78:
;__Lib_Conversions.c,494 :: 		
0x057C	0x5058      	MOVF        FloatToStr_un_L0+3, 0 
0x057E	0x0AFF      	XORLW       255
0x0580	0xE108      	BNZ         L__FloatToStr147
0x0582	0x5057      	MOVF        FloatToStr_un_L0+2, 0 
0x0584	0x0A00      	XORLW       0
0x0586	0xE105      	BNZ         L__FloatToStr147
0x0588	0x5056      	MOVF        FloatToStr_un_L0+1, 0 
0x058A	0x0A00      	XORLW       0
0x058C	0xE102      	BNZ         L__FloatToStr147
0x058E	0x5055      	MOVF        FloatToStr_un_L0, 0 
0x0590	0x0A00      	XORLW       0
L__FloatToStr147:
0x0592	0xE10C      	BNZ         L_FloatToStr79
;__Lib_Conversions.c,495 :: 		
0x0594	0xF05BC051  	MOVFF       FARG_FloatToStr_str, FARG_strcpy_to
0x0598	0xF05CC052  	MOVFF       FARG_FloatToStr_str+1, FARG_strcpy_to+1
0x059C	0x0E1B      	MOVLW       ?lstr3___Lib_Conversions
0x059E	0x6E5D      	MOVWF       FARG_strcpy_from 
0x05A0	0x0E00      	MOVLW       hi_addr(?lstr3___Lib_Conversions)
0x05A2	0x6E5E      	MOVWF       FARG_strcpy_from+1 
0x05A4	0xDDDF      	RCALL       _strcpy
;__Lib_Conversions.c,496 :: 		
0x05A6	0xF000C053  	MOVFF       FloatToStr_i_L0, R0
0x05AA	0xD1A3      	BRA         L_end_FloatToStr
;__Lib_Conversions.c,497 :: 		
L_FloatToStr79:
;__Lib_Conversions.c,505 :: 		
L_FloatToStr80:
0x05AC	0x0E00      	MOVLW       0
0x05AE	0x6E04      	MOVWF       R4 
0x05B0	0x0E00      	MOVLW       0
0x05B2	0x6E05      	MOVWF       R5 
0x05B4	0x0E00      	MOVLW       0
0x05B6	0x6E06      	MOVWF       R6 
0x05B8	0x0E7F      	MOVLW       127
0x05BA	0x6E07      	MOVWF       R7 
0x05BC	0xF000C055  	MOVFF       FloatToStr_un_L0, R0
0x05C0	0xF001C056  	MOVFF       FloatToStr_un_L0+1, R1
0x05C4	0xF002C057  	MOVFF       FloatToStr_un_L0+2, R2
0x05C8	0xF003C058  	MOVFF       FloatToStr_un_L0+3, R3
0x05CC	0xDED0      	RCALL       _Compare_Double
0x05CE	0x0E01      	MOVLW       1
0x05D0	0xB0D8      	BTFSC       STATUS, 0 
0x05D2	0x0E00      	MOVLW       0
0x05D4	0x6E00      	MOVWF       R0 
0x05D6	0x5200      	MOVF        R0, 1 
0x05D8	0xE01B      	BZ          L_FloatToStr81
;__Lib_Conversions.c,506 :: 		
0x05DA	0xF000C055  	MOVFF       FloatToStr_un_L0, R0
0x05DE	0xF001C056  	MOVFF       FloatToStr_un_L0+1, R1
0x05E2	0xF002C057  	MOVFF       FloatToStr_un_L0+2, R2
0x05E6	0xF003C058  	MOVFF       FloatToStr_un_L0+3, R3
0x05EA	0x0E00      	MOVLW       0
0x05EC	0x6E04      	MOVWF       R4 
0x05EE	0x0E00      	MOVLW       0
0x05F0	0x6E05      	MOVWF       R5 
0x05F2	0x0E20      	MOVLW       32
0x05F4	0x6E06      	MOVWF       R6 
0x05F6	0x0E82      	MOVLW       130
0x05F8	0x6E07      	MOVWF       R7 
0x05FA	0xDE13      	RCALL       _Mul_32x32_FP
0x05FC	0xF055C000  	MOVFF       R0, FloatToStr_un_L0
0x0600	0xF056C001  	MOVFF       R1, FloatToStr_un_L0+1
0x0604	0xF057C002  	MOVFF       R2, FloatToStr_un_L0+2
0x0608	0xF058C003  	MOVFF       R3, FloatToStr_un_L0+3
;__Lib_Conversions.c,507 :: 		
0x060C	0x065A      	DECF        FloatToStr_dexpon_L0, 1 
;__Lib_Conversions.c,508 :: 		
0x060E	0xD7CE      	BRA         L_FloatToStr80
L_FloatToStr81:
;__Lib_Conversions.c,513 :: 		
L_FloatToStr82:
0x0610	0x0E00      	MOVLW       0
0x0612	0x6E04      	MOVWF       R4 
0x0614	0x0E00      	MOVLW       0
0x0616	0x6E05      	MOVWF       R5 
0x0618	0x0E20      	MOVLW       32
0x061A	0x6E06      	MOVWF       R6 
0x061C	0x0E82      	MOVLW       130
0x061E	0x6E07      	MOVWF       R7 
0x0620	0xF000C055  	MOVFF       FloatToStr_un_L0, R0
0x0624	0xF001C056  	MOVFF       FloatToStr_un_L0+1, R1
0x0628	0xF002C057  	MOVFF       FloatToStr_un_L0+2, R2
0x062C	0xF003C058  	MOVFF       FloatToStr_un_L0+3, R3
0x0630	0xDE9E      	RCALL       _Compare_Double
0x0632	0x0E00      	MOVLW       0
0x0634	0xB0D8      	BTFSC       STATUS, 0 
0x0636	0x0E01      	MOVLW       1
0x0638	0x6E00      	MOVWF       R0 
0x063A	0x5200      	MOVF        R0, 1 
0x063C	0xE01B      	BZ          L_FloatToStr83
;__Lib_Conversions.c,514 :: 		
0x063E	0xF000C055  	MOVFF       FloatToStr_un_L0, R0
0x0642	0xF001C056  	MOVFF       FloatToStr_un_L0+1, R1
0x0646	0xF002C057  	MOVFF       FloatToStr_un_L0+2, R2
0x064A	0xF003C058  	MOVFF       FloatToStr_un_L0+3, R3
0x064E	0x0ECD      	MOVLW       205
0x0650	0x6E04      	MOVWF       R4 
0x0652	0x0ECC      	MOVLW       204
0x0654	0x6E05      	MOVWF       R5 
0x0656	0x0E4C      	MOVLW       76
0x0658	0x6E06      	MOVWF       R6 
0x065A	0x0E7B      	MOVLW       123
0x065C	0x6E07      	MOVWF       R7 
0x065E	0xDDE1      	RCALL       _Mul_32x32_FP
0x0660	0xF055C000  	MOVFF       R0, FloatToStr_un_L0
0x0664	0xF056C001  	MOVFF       R1, FloatToStr_un_L0+1
0x0668	0xF057C002  	MOVFF       R2, FloatToStr_un_L0+2
0x066C	0xF058C003  	MOVFF       R3, FloatToStr_un_L0+3
;__Lib_Conversions.c,515 :: 		
0x0670	0x2A5A      	INCF        FloatToStr_dexpon_L0, 1 
;__Lib_Conversions.c,516 :: 		
0x0672	0xD7CE      	BRA         L_FloatToStr82
L_FloatToStr83:
;__Lib_Conversions.c,525 :: 		
0x0674	0x0EFF      	MOVLW       255
0x0676	0x1455      	ANDWF       FloatToStr_un_L0, 0 
0x0678	0x6E08      	MOVWF       R8 
0x067A	0x0EFF      	MOVLW       255
0x067C	0x1456      	ANDWF       FloatToStr_un_L0+1, 0 
0x067E	0x6E09      	MOVWF       R9 
0x0680	0x0E7F      	MOVLW       127
0x0682	0x1457      	ANDWF       FloatToStr_un_L0+2, 0 
0x0684	0x6E0A      	MOVWF       R10 
0x0686	0x0E00      	MOVLW       0
0x0688	0x1458      	ANDWF       FloatToStr_un_L0+3, 0 
0x068A	0x6E0B      	MOVWF       R11 
;__Lib_Conversions.c,526 :: 		
0x068C	0xF004C008  	MOVFF       R8, R4
0x0690	0xF005C009  	MOVFF       R9, R5
0x0694	0xF006C00A  	MOVFF       R10, R6
0x0698	0xF007C00B  	MOVFF       R11, R7
0x069C	0x3604      	RLCF        R4, 1 
0x069E	0x9004      	BCF         R4, 0 
0x06A0	0x3605      	RLCF        R5, 1 
0x06A2	0x3606      	RLCF        R6, 1 
0x06A4	0x3607      	RLCF        R7, 1 
;__Lib_Conversions.c,527 :: 		
0x06A6	0x0E00      	MOVLW       0
0x06A8	0x1455      	ANDWF       FloatToStr_un_L0, 0 
0x06AA	0x6E00      	MOVWF       R0 
0x06AC	0x0E00      	MOVLW       0
0x06AE	0x1456      	ANDWF       FloatToStr_un_L0+1, 0 
0x06B0	0x6E01      	MOVWF       R1 
0x06B2	0x0E00      	MOVLW       0
0x06B4	0x1457      	ANDWF       FloatToStr_un_L0+2, 0 
0x06B6	0x6E02      	MOVWF       R2 
0x06B8	0x0EFF      	MOVLW       255
0x06BA	0x1458      	ANDWF       FloatToStr_un_L0+3, 0 
0x06BC	0x6E03      	MOVWF       R3 
0x06BE	0xF055C000  	MOVFF       R0, FloatToStr_un_L0
0x06C2	0xF056C001  	MOVFF       R1, FloatToStr_un_L0+1
0x06C6	0xF057C002  	MOVFF       R2, FloatToStr_un_L0+2
0x06CA	0xF058C003  	MOVFF       R3, FloatToStr_un_L0+3
;__Lib_Conversions.c,528 :: 		
0x06CE	0x5004      	MOVF        R4, 0 
0x06D0	0x1055      	IORWF       FloatToStr_un_L0, 0 
0x06D2	0x6E00      	MOVWF       R0 
0x06D4	0x5005      	MOVF        R5, 0 
0x06D6	0x1056      	IORWF       FloatToStr_un_L0+1, 0 
0x06D8	0x6E01      	MOVWF       R1 
0x06DA	0x5006      	MOVF        R6, 0 
0x06DC	0x1057      	IORWF       FloatToStr_un_L0+2, 0 
0x06DE	0x6E02      	MOVWF       R2 
0x06E0	0x5007      	MOVF        R7, 0 
0x06E2	0x1058      	IORWF       FloatToStr_un_L0+3, 0 
0x06E4	0x6E03      	MOVWF       R3 
0x06E6	0xF055C000  	MOVFF       R0, FloatToStr_un_L0
0x06EA	0xF056C001  	MOVFF       R1, FloatToStr_un_L0+1
0x06EE	0xF057C002  	MOVFF       R2, FloatToStr_un_L0+2
0x06F2	0xF058C003  	MOVFF       R3, FloatToStr_un_L0+3
;__Lib_Conversions.c,530 :: 		
0x06F6	0x0E7F      	MOVLW       127
0x06F8	0x5C58      	SUBWF       FloatToStr_un_L0+3, 0 
0x06FA	0x6E00      	MOVWF       R0 
0x06FC	0xF054C000  	MOVFF       R0, FloatToStr_d_L0
;__Lib_Conversions.c,533 :: 		
0x0700	0x0E01      	MOVLW       1
0x0702	0x6E58      	MOVWF       FloatToStr_un_L0+3 
;__Lib_Conversions.c,534 :: 		
0x0704	0xF004C000  	MOVFF       R0, R4
0x0708	0xF000C055  	MOVFF       FloatToStr_un_L0, R0
0x070C	0xF001C056  	MOVFF       FloatToStr_un_L0+1, R1
0x0710	0xF002C057  	MOVFF       FloatToStr_un_L0+2, R2
0x0714	0xF003C058  	MOVFF       FloatToStr_un_L0+3, R3
0x0718	0x5004      	MOVF        R4, 0 
L__FloatToStr148:
0x071A	0xE007      	BZ          L__FloatToStr149
0x071C	0x3600      	RLCF        R0, 1 
0x071E	0x9000      	BCF         R0, 0 
0x0720	0x3601      	RLCF        R1, 1 
0x0722	0x3602      	RLCF        R2, 1 
0x0724	0x3603      	RLCF        R3, 1 
0x0726	0x0FFF      	ADDLW       255
0x0728	0xD7F8      	BRA         L__FloatToStr148
L__FloatToStr149:
0x072A	0xF055C000  	MOVFF       R0, FloatToStr_un_L0
0x072E	0xF056C001  	MOVFF       R1, FloatToStr_un_L0+1
0x0732	0xF057C002  	MOVFF       R2, FloatToStr_un_L0+2
0x0736	0xF058C003  	MOVFF       R3, FloatToStr_un_L0+3
;__Lib_Conversions.c,535 :: 		
0x073A	0xFFE1C051  	MOVFF       FARG_FloatToStr_str, FSR1L
0x073E	0xFFE2C052  	MOVFF       FARG_FloatToStr_str+1, FSR1H
0x0742	0x5058      	MOVF        FloatToStr_un_L0+3, 0 
0x0744	0x0F30      	ADDLW       48
0x0746	0x6EE6      	MOVWF       POSTINC1 
0x0748	0x4A51      	INFSNZ      FARG_FloatToStr_str, 1 
0x074A	0x2A52      	INCF        FARG_FloatToStr_str+1, 1 
;__Lib_Conversions.c,536 :: 		
0x074C	0x0E80      	MOVLW       128
0x074E	0x185A      	XORWF       FloatToStr_dexpon_L0, 0 
0x0750	0x6E00      	MOVWF       R0 
0x0752	0x0E80      	MOVLW       128
0x0754	0x0A01      	XORLW       1
0x0756	0x5C00      	SUBWF       R0, 0 
0x0758	0xE308      	BNC         L__FloatToStr100
0x075A	0x0E80      	MOVLW       128
0x075C	0x0A06      	XORLW       6
0x075E	0x6E00      	MOVWF       R0 
0x0760	0x0E80      	MOVLW       128
0x0762	0x185A      	XORWF       FloatToStr_dexpon_L0, 0 
0x0764	0x5C00      	SUBWF       R0, 0 
0x0766	0xE301      	BNC         L__FloatToStr100
0x0768	0xD00A      	BRA         L_FloatToStr86
L__FloatToStr100:
;__Lib_Conversions.c,537 :: 		
0x076A	0xFFE1C051  	MOVFF       FARG_FloatToStr_str, FSR1L
0x076E	0xFFE2C052  	MOVFF       FARG_FloatToStr_str+1, FSR1H
0x0772	0x0E2E      	MOVLW       46
0x0774	0x6EE6      	MOVWF       POSTINC1 
0x0776	0x4A51      	INFSNZ      FARG_FloatToStr_str, 1 
0x0778	0x2A52      	INCF        FARG_FloatToStr_str+1, 1 
;__Lib_Conversions.c,538 :: 		
0x077A	0x0E01      	MOVLW       1
0x077C	0x6E59      	MOVWF       FloatToStr_bpoint_L0 
;__Lib_Conversions.c,539 :: 		
L_FloatToStr86:
;__Lib_Conversions.c,540 :: 		
0x077E	0x0E06      	MOVLW       6
0x0780	0x6E54      	MOVWF       FloatToStr_d_L0 
L_FloatToStr87:
0x0782	0x5054      	MOVF        FloatToStr_d_L0, 0 
0x0784	0x0A00      	XORLW       0
0x0786	0xE054      	BZ          L_FloatToStr88
;__Lib_Conversions.c,541 :: 		
0x0788	0x6A58      	CLRF        FloatToStr_un_L0+3 
;__Lib_Conversions.c,542 :: 		
0x078A	0xF000C055  	MOVFF       FloatToStr_un_L0, R0
0x078E	0xF001C056  	MOVFF       FloatToStr_un_L0+1, R1
0x0792	0xF002C057  	MOVFF       FloatToStr_un_L0+2, R2
0x0796	0xF003C058  	MOVFF       FloatToStr_un_L0+3, R3
0x079A	0x3600      	RLCF        R0, 1 
0x079C	0x9000      	BCF         R0, 0 
0x079E	0x3601      	RLCF        R1, 1 
0x07A0	0x3602      	RLCF        R2, 1 
0x07A2	0x3603      	RLCF        R3, 1 
0x07A4	0x3600      	RLCF        R0, 1 
0x07A6	0x9000      	BCF         R0, 0 
0x07A8	0x3601      	RLCF        R1, 1 
0x07AA	0x3602      	RLCF        R2, 1 
0x07AC	0x3603      	RLCF        R3, 1 
0x07AE	0x5055      	MOVF        FloatToStr_un_L0, 0 
0x07B0	0x2600      	ADDWF       R0, 1 
0x07B2	0x5056      	MOVF        FloatToStr_un_L0+1, 0 
0x07B4	0x2201      	ADDWFC      R1, 1 
0x07B6	0x5057      	MOVF        FloatToStr_un_L0+2, 0 
0x07B8	0x2202      	ADDWFC      R2, 1 
0x07BA	0x5058      	MOVF        FloatToStr_un_L0+3, 0 
0x07BC	0x2203      	ADDWFC      R3, 1 
0x07BE	0xF055C000  	MOVFF       R0, FloatToStr_un_L0
0x07C2	0xF056C001  	MOVFF       R1, FloatToStr_un_L0+1
0x07C6	0xF057C002  	MOVFF       R2, FloatToStr_un_L0+2
0x07CA	0xF058C003  	MOVFF       R3, FloatToStr_un_L0+3
;__Lib_Conversions.c,543 :: 		
0x07CE	0xF000C055  	MOVFF       FloatToStr_un_L0, R0
0x07D2	0xF001C056  	MOVFF       FloatToStr_un_L0+1, R1
0x07D6	0xF002C057  	MOVFF       FloatToStr_un_L0+2, R2
0x07DA	0xF003C058  	MOVFF       FloatToStr_un_L0+3, R3
0x07DE	0x3600      	RLCF        R0, 1 
0x07E0	0x9000      	BCF         R0, 0 
0x07E2	0x3601      	RLCF        R1, 1 
0x07E4	0x3602      	RLCF        R2, 1 
0x07E6	0x3603      	RLCF        R3, 1 
0x07E8	0xF055C000  	MOVFF       R0, FloatToStr_un_L0
0x07EC	0xF056C001  	MOVFF       R1, FloatToStr_un_L0+1
0x07F0	0xF057C002  	MOVFF       R2, FloatToStr_un_L0+2
0x07F4	0xF058C003  	MOVFF       R3, FloatToStr_un_L0+3
;__Lib_Conversions.c,544 :: 		
0x07F8	0xFFE1C051  	MOVFF       FARG_FloatToStr_str, FSR1L
0x07FC	0xFFE2C052  	MOVFF       FARG_FloatToStr_str+1, FSR1H
0x0800	0x5058      	MOVF        FloatToStr_un_L0+3, 0 
0x0802	0x0F30      	ADDLW       48
0x0804	0x6EE6      	MOVWF       POSTINC1 
0x0806	0x4A51      	INFSNZ      FARG_FloatToStr_str, 1 
0x0808	0x2A52      	INCF        FARG_FloatToStr_str+1, 1 
;__Lib_Conversions.c,545 :: 		
0x080A	0x5059      	MOVF        FloatToStr_bpoint_L0, 0 
0x080C	0x0A00      	XORLW       0
0x080E	0xE10E      	BNZ         L_FloatToStr90
;__Lib_Conversions.c,546 :: 		
0x0810	0x065A      	DECF        FloatToStr_dexpon_L0, 1 
0x0812	0x505A      	MOVF        FloatToStr_dexpon_L0, 0 
0x0814	0x0A00      	XORLW       0
0x0816	0xE10A      	BNZ         L_FloatToStr91
;__Lib_Conversions.c,547 :: 		
0x0818	0xFFE1C051  	MOVFF       FARG_FloatToStr_str, FSR1L
0x081C	0xFFE2C052  	MOVFF       FARG_FloatToStr_str+1, FSR1H
0x0820	0x0E2E      	MOVLW       46
0x0822	0x6EE6      	MOVWF       POSTINC1 
0x0824	0x4A51      	INFSNZ      FARG_FloatToStr_str, 1 
0x0826	0x2A52      	INCF        FARG_FloatToStr_str+1, 1 
;__Lib_Conversions.c,548 :: 		
0x0828	0x0E01      	MOVLW       1
0x082A	0x6E59      	MOVWF       FloatToStr_bpoint_L0 
;__Lib_Conversions.c,549 :: 		
L_FloatToStr91:
L_FloatToStr90:
;__Lib_Conversions.c,540 :: 		
0x082C	0x0654      	DECF        FloatToStr_d_L0, 1 
;__Lib_Conversions.c,550 :: 		
0x082E	0xD7A9      	BRA         L_FloatToStr87
L_FloatToStr88:
;__Lib_Conversions.c,551 :: 		
L_FloatToStr92:
0x0830	0x0EFF      	MOVLW       255
0x0832	0x2451      	ADDWF       FARG_FloatToStr_str, 0 
0x0834	0x6EE9      	MOVWF       FSR0L 
0x0836	0x0EFF      	MOVLW       255
0x0838	0x2052      	ADDWFC      FARG_FloatToStr_str+1, 0 
0x083A	0x6EEA      	MOVWF       FSR0H 
0x083C	0x50EE      	MOVF        POSTINC0, 0 
0x083E	0x0A30      	XORLW       48
0x0840	0xE105      	BNZ         L_FloatToStr93
;__Lib_Conversions.c,552 :: 		
0x0842	0x0E01      	MOVLW       1
0x0844	0x5E51      	SUBWF       FARG_FloatToStr_str, 1 
0x0846	0x0E00      	MOVLW       0
0x0848	0x5A52      	SUBWFB      FARG_FloatToStr_str+1, 1 
0x084A	0xD7F2      	BRA         L_FloatToStr92
L_FloatToStr93:
;__Lib_Conversions.c,553 :: 		
0x084C	0x0EFF      	MOVLW       255
0x084E	0x2451      	ADDWF       FARG_FloatToStr_str, 0 
0x0850	0x6EE9      	MOVWF       FSR0L 
0x0852	0x0EFF      	MOVLW       255
0x0854	0x2052      	ADDWFC      FARG_FloatToStr_str+1, 0 
0x0856	0x6EEA      	MOVWF       FSR0H 
0x0858	0x50EE      	MOVF        POSTINC0, 0 
0x085A	0x0A2E      	XORLW       46
0x085C	0xE104      	BNZ         L_FloatToStr94
;__Lib_Conversions.c,554 :: 		
0x085E	0x0E01      	MOVLW       1
0x0860	0x5E51      	SUBWF       FARG_FloatToStr_str, 1 
0x0862	0x0E00      	MOVLW       0
0x0864	0x5A52      	SUBWFB      FARG_FloatToStr_str+1, 1 
L_FloatToStr94:
;__Lib_Conversions.c,555 :: 		
0x0866	0x505A      	MOVF        FloatToStr_dexpon_L0, 0 
0x0868	0x0A00      	XORLW       0
0x086A	0xE03D      	BZ          L_FloatToStr95
;__Lib_Conversions.c,556 :: 		
0x086C	0xFFE1C051  	MOVFF       FARG_FloatToStr_str, FSR1L
0x0870	0xFFE2C052  	MOVFF       FARG_FloatToStr_str+1, FSR1H
0x0874	0x0E65      	MOVLW       101
0x0876	0x6EE6      	MOVWF       POSTINC1 
0x0878	0x4A51      	INFSNZ      FARG_FloatToStr_str, 1 
0x087A	0x2A52      	INCF        FARG_FloatToStr_str+1, 1 
;__Lib_Conversions.c,557 :: 		
0x087C	0x0E80      	MOVLW       128
0x087E	0x185A      	XORWF       FloatToStr_dexpon_L0, 0 
0x0880	0x6E00      	MOVWF       R0 
0x0882	0x0E80      	MOVLW       128
0x0884	0x0A00      	XORLW       0
0x0886	0x5C00      	SUBWF       R0, 0 
0x0888	0xE20B      	BC          L_FloatToStr96
;__Lib_Conversions.c,558 :: 		
0x088A	0xFFE1C051  	MOVFF       FARG_FloatToStr_str, FSR1L
0x088E	0xFFE2C052  	MOVFF       FARG_FloatToStr_str+1, FSR1H
0x0892	0x0E2D      	MOVLW       45
0x0894	0x6EE6      	MOVWF       POSTINC1 
0x0896	0x4A51      	INFSNZ      FARG_FloatToStr_str, 1 
0x0898	0x2A52      	INCF        FARG_FloatToStr_str+1, 1 
;__Lib_Conversions.c,559 :: 		
0x089A	0x505A      	MOVF        FloatToStr_dexpon_L0, 0 
0x089C	0x0800      	SUBLW       0
0x089E	0x6E5A      	MOVWF       FloatToStr_dexpon_L0 
;__Lib_Conversions.c,560 :: 		
L_FloatToStr96:
;__Lib_Conversions.c,561 :: 		
0x08A0	0xF054C05A  	MOVFF       FloatToStr_dexpon_L0, FloatToStr_d_L0
;__Lib_Conversions.c,562 :: 		
0x08A4	0x505A      	MOVF        FloatToStr_dexpon_L0, 0 
0x08A6	0x0809      	SUBLW       9
0x08A8	0xE20E      	BC          L_FloatToStr97
;__Lib_Conversions.c,563 :: 		
0x08AA	0x0E0A      	MOVLW       10
0x08AC	0x6E04      	MOVWF       R4 
0x08AE	0xF000C054  	MOVFF       FloatToStr_d_L0, R0
0x08B2	0xDD4E      	RCALL       _Div_8X8_U
0x08B4	0xFFE1C051  	MOVFF       FARG_FloatToStr_str, FSR1L
0x08B8	0xFFE2C052  	MOVFF       FARG_FloatToStr_str+1, FSR1H
0x08BC	0x5000      	MOVF        R0, 0 
0x08BE	0x0F30      	ADDLW       48
0x08C0	0x6EE6      	MOVWF       POSTINC1 
0x08C2	0x4A51      	INFSNZ      FARG_FloatToStr_str, 1 
0x08C4	0x2A52      	INCF        FARG_FloatToStr_str+1, 1 
L_FloatToStr97:
;__Lib_Conversions.c,564 :: 		
0x08C6	0x0E0A      	MOVLW       10
0x08C8	0x6E04      	MOVWF       R4 
0x08CA	0xF000C054  	MOVFF       FloatToStr_d_L0, R0
0x08CE	0xDD40      	RCALL       _Div_8X8_U
0x08D0	0xF000C008  	MOVFF       R8, R0
0x08D4	0xFFE1C051  	MOVFF       FARG_FloatToStr_str, FSR1L
0x08D8	0xFFE2C052  	MOVFF       FARG_FloatToStr_str+1, FSR1H
0x08DC	0x5000      	MOVF        R0, 0 
0x08DE	0x0F30      	ADDLW       48
0x08E0	0x6EE6      	MOVWF       POSTINC1 
0x08E2	0x4A51      	INFSNZ      FARG_FloatToStr_str, 1 
0x08E4	0x2A52      	INCF        FARG_FloatToStr_str+1, 1 
;__Lib_Conversions.c,565 :: 		
L_FloatToStr95:
;__Lib_Conversions.c,566 :: 		
0x08E6	0xFFE1C051  	MOVFF       FARG_FloatToStr_str, FSR1L
0x08EA	0xFFE2C052  	MOVFF       FARG_FloatToStr_str+1, FSR1H
0x08EE	0x6AE6      	CLRF        POSTINC1 
;__Lib_Conversions.c,567 :: 		
0x08F0	0x6A00      	CLRF        R0 
;__Lib_Conversions.c,568 :: 		
L_end_FloatToStr:
0x08F2	0x0012      	RETURN      0
; end of _FloatToStr
_UART1_Write_Text:
;__Lib_UART_c67.c,66 :: 		
;__Lib_UART_c67.c,67 :: 		
0x08F4	0x6A50      	CLRF        UART1_Write_Text_counter_L0 
;__Lib_UART_c67.c,69 :: 		
0x08F6	0xFFE9C04D  	MOVFF       FARG_UART1_Write_Text_uart_text, FSR0L
0x08FA	0xFFEAC04E  	MOVFF       FARG_UART1_Write_Text_uart_text+1, FSR0H
0x08FE	0xF04FCFEE  	MOVFF       POSTINC0, UART1_Write_Text_data__L0
;__Lib_UART_c67.c,70 :: 		
L_UART1_Write_Text5:
0x0902	0x504F      	MOVF        UART1_Write_Text_data__L0, 0 
0x0904	0x0A00      	XORLW       0
0x0906	0xE00D      	BZ          L_UART1_Write_Text6
;__Lib_UART_c67.c,71 :: 		
0x0908	0xF05BC04F  	MOVFF       UART1_Write_Text_data__L0, FARG_UART1_Write_data_
0x090C	0xDD1A      	RCALL       _UART1_Write
;__Lib_UART_c67.c,72 :: 		
0x090E	0x2A50      	INCF        UART1_Write_Text_counter_L0, 1 
;__Lib_UART_c67.c,73 :: 		
0x0910	0x5050      	MOVF        UART1_Write_Text_counter_L0, 0 
0x0912	0x244D      	ADDWF       FARG_UART1_Write_Text_uart_text, 0 
0x0914	0x6EE9      	MOVWF       FSR0L 
0x0916	0x0E00      	MOVLW       0
0x0918	0x204E      	ADDWFC      FARG_UART1_Write_Text_uart_text+1, 0 
0x091A	0x6EEA      	MOVWF       FSR0H 
0x091C	0xF04FCFEE  	MOVFF       POSTINC0, UART1_Write_Text_data__L0
;__Lib_UART_c67.c,74 :: 		
0x0920	0xD7F0      	BRA         L_UART1_Write_Text5
L_UART1_Write_Text6:
;__Lib_UART_c67.c,75 :: 		
L_end_UART1_Write_Text:
0x0922	0x0012      	RETURN      0
; end of _UART1_Write_Text
_main:
0x0924	0xF004ECBC  	CALL        2424, 0
;hae.c,51 :: 		void main() {
;hae.c,52 :: 		TRISB = 0x01;
0x0928	0x0E01      	MOVLW       1
0x092A	0x6E93      	MOVWF       TRISB 
;hae.c,53 :: 		TRISC = 0;
0x092C	0x6A94      	CLRF        TRISC 
;hae.c,56 :: 		T0CON = 0X05;
0x092E	0x0E05      	MOVLW       5
0x0930	0x6ED5      	MOVWF       T0CON 
;hae.c,57 :: 		TMR0H = (18661>>8);
0x0932	0x0E48      	MOVLW       72
0x0934	0x6ED7      	MOVWF       TMR0H 
;hae.c,58 :: 		TMR0L = 18661;
0x0936	0x0EE5      	MOVLW       229
0x0938	0x6ED6      	MOVWF       TMR0L 
;hae.c,61 :: 		T1CON = 0X80; //In one 16 bit operation
0x093A	0x0E80      	MOVLW       128
0x093C	0x6ECD      	MOVWF       T1CON 
;hae.c,63 :: 		INTCON2.RBPU = 1;
0x093E	0x8EF1      	BSF         INTCON2, 7 
;hae.c,64 :: 		INTCON2.INTEDG0 = 1; //Rising edge interrupt
0x0940	0x8CF1      	BSF         INTCON2, 6 
;hae.c,65 :: 		INTCON.INT0IF = 0;
0x0942	0x92F2      	BCF         INTCON, 1 
;hae.c,66 :: 		INTCON.INT0IE = 1;
0x0944	0x88F2      	BSF         INTCON, 4 
;hae.c,69 :: 		INTCON.TMR0IF = 0;
0x0946	0x94F2      	BCF         INTCON, 2 
;hae.c,70 :: 		INTCON.TMR0IE = 1;
0x0948	0x8AF2      	BSF         INTCON, 5 
;hae.c,71 :: 		INTCON.GIE = 1;
0x094A	0x8EF2      	BSF         INTCON, 7 
;hae.c,74 :: 		RCON.IPEN = 0;
0x094C	0x9ED0      	BCF         RCON, 7 
;hae.c,75 :: 		SPBRG = 13;
0x094E	0x0E0D      	MOVLW       13
0x0950	0x6EAF      	MOVWF       SPBRG 
;hae.c,76 :: 		TXSTA.SYNC = 0;
0x0952	0x98AC      	BCF         TXSTA, 4 
;hae.c,77 :: 		TXSTA.TXEN = 1;
0x0954	0x8AAC      	BSF         TXSTA, 5 
;hae.c,78 :: 		TXSTA.TRMT = 1;
0x0956	0x82AC      	BSF         TXSTA, 1 
;hae.c,79 :: 		TXREG = 0;
0x0958	0x6AAD      	CLRF        TXREG 
;hae.c,80 :: 		PORTC.B6 = 0;
0x095A	0x9C82      	BCF         PORTC, 6 
;hae.c,81 :: 		UART1_Init(baund_rate);
0x095C	0x0E33      	MOVLW       51
0x095E	0x6EAF      	MOVWF       SPBRG 
0x0960	0x84AC      	BSF         TXSTA, 2, 0
0x0962	0xDD80      	RCALL       _UART1_Init
;hae.c,84 :: 		T0CON.TMR0ON = 1;
0x0964	0x8ED5      	BSF         T0CON, 7 
;hae.c,85 :: 		while(1);
L_main12:
0x0966	0xD7FF      	BRA         L_main12
;hae.c,86 :: 		}
L_end_main:
0x0968	0xD7FF      	BRA         $+0
; end of _main
0x0978	0xF017EE10  	LFSR        1, 23
0x097C	0x0E0E      	MOVLW       14
0x097E	0x6E00      	MOVWF       R0 
0x0980	0x0E01      	MOVLW       1
0x0982	0x6E01      	MOVWF       R1 
0x0984	0x0E6A      	MOVLW       106
0x0986	0x6EF6      	MOVWF       4086 
0x0988	0x0E09      	MOVLW       9
0x098A	0x6EF7      	MOVWF       TBLPTRH 
0x098C	0x0E00      	MOVLW       0
0x098E	0x6EF8      	MOVWF       TBLPTRU 
0x0990	0xF002EC5D  	CALL        1210, 0
0x0994	0x0012      	RETURN      0
;hae.c,0 :: ?ICS?lstr1_hae
0x096A	0x4F45 ;?ICS?lstr1_hae+0
0x096C	0x004C ;?ICS?lstr1_hae+2
; end of ?ICS?lstr1_hae
;__Lib_Conversions.c,0 :: ?ICS?lstr3___Lib_Conversions
0x096E	0x4E49 ;?ICS?lstr3___Lib_Conversions+0
0x0970	0x0046 ;?ICS?lstr3___Lib_Conversions+2
; end of ?ICS?lstr3___Lib_Conversions
;__Lib_Conversions.c,0 :: ?ICS?lstr2___Lib_Conversions
0x0972	0x0030 ;?ICS?lstr2___Lib_Conversions+0
; end of ?ICS?lstr2___Lib_Conversions
;__Lib_Conversions.c,0 :: ?ICS?lstr1___Lib_Conversions
0x0974	0x614E ;?ICS?lstr1___Lib_Conversions+0
0x0976	0x004E ;?ICS?lstr1___Lib_Conversions+2
; end of ?ICS?lstr1___Lib_Conversions
Symbol List:
//** Routines locations **
//ADDRESS    SIZE    PROCEDURE
//----------------------------------------------
0x0008     [276]    _interrupt
0x011C       [8]    _FIXSIGN32
0x0124      [24]    _SETFOV32
0x013C      [14]    _RES032
0x014A      [26]    _SETFUN32
0x0164      [76]    _strcpy
0x01B0     [114]    _NRM3232
0x0222     [288]    _Mul_32x32_FP
0x0342      [14]    _UART1_Write
0x0350      [30]    _Div_8X8_U
0x036E     [206]    _Compare_Double
0x043C      [40]    _word2double
0x0464      [86]    _UART1_Init
0x04BA      [16]    ___CC2DW
0x04CA      [16]    _sendTrig
0x04DA      [10]    _UART1_Tx_Idle
0x04E4    [1040]    _FloatToStr
0x08F4      [48]    _UART1_Write_Text
0x0924      [70]    _main
//** Variables locations ** 
//ADDRESS    SIZE    VARIABLE
//----------------------------------------------
0x0000       [1]    __Lib_SoftI2C_PutZerosToLATScl_temp_scl_L0
0x0000       [1]    __Lib_SoftI2C_PutZerosToLATSda_temp_sda_L0
0x0000       [1]    UART1_Init_tmp_L0
0x0000       [1]    R0
0x0000       [1]    FLASH_Erase_64_SaveINTCON_L0
0x0000       [1]    SPI1_Write_tmp_L0
0x0000       [1]    EEPROM_Write_SaveINTCON_L0
0x0001       [1]    FLASH_Write_8_i_L0
0x0001       [1]    FLASH_Erase_Write_64_i_L0
0x0001       [1]    R1
0x0001       [1]    __Lib_TFT_16bit_JPEG_FileRead_i_L0
0x0001       [1]    I2C1_Rd_tmp_L0
0x0001       [1]    __Lib_PS2_Wait_Falling_nsample_L0
0x0001       [2]    FLASH_Read_N_Bytes_i_L0
0x0001       [1]    __Lib_TFT_16bit_JPEG_FileReadBytes_Result_L0
0x0001       [1]    ispunct_rslt_L0
0x0001       [1]    UART1_Read___tmp_UART1_Read_L0
0x0001       [1]    __Lib_TFT_JPEG_FileReadBytes_Result_L0
0x0001       [1]    __Lib_TFT_JPEG_FileRead_i_L0
0x0002       [2]    memset_pp_L0
0x0002       [2]    strlen_cp_L0
0x0002       [1]    FLASH_Erase_Write_64_j_L0
0x0002       [2]    memchr_s_L0
0x0002       [1]    FLASH_Write_8_SaveINTCON_L0
0x0002       [1]    R2
0x0002       [2]    memcpy_dd_L0
0x0003       [1]    FLASH_Erase_Write_64_SaveINTCON_L0
0x0003       [1]    __Lib_Sprinti_?FLOC____Lib_Sprinti_Do_FillT29
0x0003       [1]    MM_Init_i_L0
0x0003       [2]    __Lib_MmcFat16_f16_toInt_l_L0
0x0003       [2]    MM_TotalFreeMemSize_Tot_L0
0x0003       [1]    R3
0x0003       [2]    memmove_tt_L0
0x0003       [2]    Ltrim_original_L0
0x0004       [2]    frexp_pom_L0
0x0004       [2]    __Lib_MemManager_MM_GetMemAlign_P_L0
0x0004       [2]    strcpy_cp_L0
0x0004       [1]    R4
0x0004       [2]    strcat_cp_L0
0x0004       [1]    __Lib_Sprinti_?FLOC____Lib_Sprinti_Do_FillT40
0x0004       [2]    strncat_cp_L0
0x0004       [2]    memcpy_ss_L0
0x0004       [2]    strncpy_cp_L0
0x0005       [2]    LongWordToHex_input_half_L0
0x0005       [1]    MM_TotalFreeMemSize_i_L0
0x0005       [1]    __Lib_Sprinti_?FLOC____Lib_Sprinti_Do_FillT54
0x0005       [2]    LongIntToHex_input_half_L0
0x0005       [2]    memmove_ff_L0
0x0005       [1]    R5
0x0005       [2]    Ltrim_p_L0
0x0006       [1]    __Lib_Sprinti_?FLOC____Lib_Sprinti_Do_FillT69
0x0006       [1]    R6
0x0006       [1]    __Lib_MemManager_MM_GetMemAlign_i_L0
0x0007       [1]    __Lib_TFT_JPEG_GenerateHuffmanTables_bLength_L0
0x0007       [1]    R7
0x0007       [1]    __Lib_TFT_16bit_JPEG_GenerateHuffmanTables_bLength_L0
0x0008       [1]    __Lib_TFT_16bit_JPEG_GenerateHuffmanTables_bTable_L0
0x0008       [1]    __Lib_TFT_JPEG_GenerateHuffmanTables_bTable_L0
0x0008       [1]    R8
0x0009       [1]    R9
0x0009       [4]    __Lib_MmcFat16_f16_toLong_l_L0
0x000A       [1]    R10
0x000B       [1]    R11
0x000C       [1]    R12
0x000D       [1]    R13
0x000E       [1]    R14
0x000F       [1]    R15
0x0010       [1]    R16
0x0011       [1]    R17
0x0012       [1]    R18
0x0013       [1]    R19
0x0014       [1]    R20
0x0017       [4]    ?lstr1_hae
0x001B       [4]    ?lstr3___Lib_Conversions
0x001F       [2]    ?lstr2___Lib_Conversions
0x0021       [4]    ?lstr1___Lib_Conversions
0x0025      [14]    _distanciaCaracter
0x0033       [4]    _dis
0x0037       [4]    _UART_Rdy_Ptr
0x003B       [4]    _UART_Rd_Ptr
0x003F       [4]    _UART_Wr_Ptr
0x0043       [4]    _t3
0x0047       [2]    _ciclos
0x0049       [4]    _UART_Tx_Idle_Ptr
0x004D       [4]    FARG_FloatToStr_fnum
0x004D       [2]    FARG_UART1_Write_Text_uart_text
0x004F       [1]    UART1_Write_Text_data__L0
0x0050       [1]    UART1_Write_Text_counter_L0
0x0051       [2]    FARG_FloatToStr_str
0x0053       [1]    FloatToStr_i_L0
0x0054       [1]    FloatToStr_d_L0
0x0055       [4]    FloatToStr_un_L0
0x0059       [1]    FloatToStr_bpoint_L0
0x005A       [1]    FloatToStr_dexpon_L0
0x005B       [1]    FARG_UART1_Write_data_
0x005B       [2]    FARG_strcpy_to
0x005D       [2]    FARG_strcpy_from
0x0F81       [1]    PORTB
0x0F82       [1]    PORTC
0x0F93       [1]    TRISB
0x0F94       [1]    TRISC
0x0F94       [0]    TRISC7_bit
0x0F94       [0]    TRISC6_bit
0x0F9E       [1]    PIR1
0x0FAB       [1]    RCSTA
0x0FAC       [1]    TXSTA
0x0FAD       [1]    TXREG
0x0FAE       [1]    RCREG
0x0FAF       [1]    SPBRG
0x0FCD       [1]    T1CON
0x0FCE       [1]    TMR1L
0x0FCF       [1]    TMR1H
0x0FD0       [1]    RCON
0x0FD5       [1]    T0CON
0x0FD6       [1]    TMR0L
0x0FD7       [1]    TMR0H
0x0FD8       [1]    STATUS
0x0FD9       [1]    FSR2L
0x0FDA       [1]    FSR2H
0x0FDE       [1]    POSTINC2
0x0FE0       [1]    BSR
0x0FE1       [1]    FSR1L
0x0FE2       [1]    FSR1H
0x0FE4       [1]    PREINC1
0x0FE6       [1]    POSTINC1
0x0FE7       [1]    INDF1
0x0FE8       [1]    WREG
0x0FE9       [1]    FSR0L
0x0FEA       [1]    FSR0H
0x0FEE       [1]    POSTINC0
0x0FF1       [1]    INTCON2
0x0FF2       [1]    INTCON
0x0FF3       [1]    PRODL
0x0FF4       [1]    PRODH
0x0FF5       [1]    TABLAT
0x0FF6       [1]    TBLPTRL
0x0FF7       [1]    TBLPTRH
0x0FF8       [1]    TBLPTRU
//** Constants locations ** 
//ADDRESS    SIZE    CONSTANT
//----------------------------------------------
0x096A       [4]    ?ICS?lstr1_hae
0x096E       [4]    ?ICS?lstr3___Lib_Conversions
0x0972       [2]    ?ICS?lstr2___Lib_Conversions
0x0974       [4]    ?ICS?lstr1___Lib_Conversions
//** Label List: ** 
//----------------------------------------------
  L_sendTrig0
  L_interrupt1
  L_interrupt2
  L_interrupt3
  L_interrupt4
  L_interrupt5
  L_interrupt6
  L_interrupt7
  L_interrupt8
  L_interrupt9
  L_interrupt10
  L_interrupt11
  L_main12
  L_main13
  L__interrupt14
  L__interrupt15
  L__interrupt16
  L_end_sendTrig
  _sendTrig
  L_end_interrupt
  _interrupt
  L__interrupt19
  L_end_main
  _main
  _CC2D_Loop1
  _CC2DL_Loop1
  L_loopCA2AWs
  L_loopCCA2AWs
  L_loopCS2Ss
  L_CS2Send
  L_loopCCS2Ss
  L_CCS2Send
  L_loopFZinSWs
  L_longjmp7
  L_end___CC2D
  ___CC2D
  L_end___CC2DW
  ___CC2DW
  L_end___CA2AW
  ___CA2AW
  L_end___CCA2AW
  ___CCA2AW
  L_end___CS2S
  ___CS2S
  L_end___CCS2S
  ___CCS2S
  L_end___FZinS
  ___FZinS
  L_end_____DoIFC
  _____DoIFC
  L_end_Swap
  _Swap
  L_end_setjmp
  _setjmp
  L_end_longjmp
  _longjmp
  L_UART1_Init0
  L_UART1_Init1
  L_UART1_Read2
  L_UART1_Write3
  L_UART1_Write4
  L_UART1_Write_Text5
  L_UART1_Write_Text6
  L_UART1_Read_Text7
  L_UART1_Read_Text8
  L_UART1_Read_Text9
  L_UART1_Read_Text10
  L_UART1_Read_Text11
  L_UART1_Read_Text12
  L_UART1_Read_Text13
  L_UART1_Read_Text14
  L_UART1_Read_Text15
  L_UART_Write_Text16
  L_UART_Write_Text17
  L_UART_Read_Text18
  L_UART_Read_Text19
  L_UART_Read_Text20
  L_UART_Read_Text21
  L_UART_Read_Text22
  L_UART_Read_Text23
  L_UART_Read_Text24
  L_UART_Read_Text25
  L_UART_Read_Text26
  L_end_UART1_Init
  _UART1_Init
  L_end_UART1_Data_Ready
  _UART1_Data_Ready
  L_end_UART1_Read
  _UART1_Read
  L_end_UART1_Tx_Idle
  _UART1_Tx_Idle
  L_end_UART1_Write
  _UART1_Write
  L_end_UART1_Write_Text
  _UART1_Write_Text
  L_end_UART1_Read_Text
  _UART1_Read_Text
  L_end_UART_Set_Active
  _UART_Set_Active
  L_end_UART_Write
  _UART_Write
  L_end_UART_Write_Text
  _UART_Write_Text
  L_end_UART_Read
  _UART_Read
  L_end_UART_Data_Ready
  _UART_Data_Ready
  L_end_UART_Read_Text
  _UART_Read_Text
  L_end_UART_Tx_Idle
  _UART_Tx_Idle
  L_sendTrig0
  L_interrupt1
  L_interrupt2
  L_interrupt3
  L_interrupt4
  L_interrupt5
  L_interrupt6
  L_interrupt7
  L_interrupt8
  L_interrupt9
  L_interrupt10
  L_interrupt11
  L_main12
  L_main13
  L__interrupt14
  L__interrupt15
  L__interrupt16
  L_end_sendTrig
  _sendTrig
  L_end_interrupt
  _interrupt
  L__interrupt19
  L_end_main
  _main
  L_ByteToStr0
  L_ByteToStr1
  L_ByteToStr2
  L_ByteToStr3
  L_ByteToStr4
  L_ByteToStr5
  L_WordToStr6
  L_WordToStr7
  L_WordToStr8
  L_WordToStr9
  L_WordToStr10
  L_WordToStr11
  L_WordToStrWithZeros12
  L_WordToStrWithZeros13
  L_WordToStrWithZeros14
  L_WordToStrWithZeros15
  L_WordToStrWithZeros16
  L_ShortToStr17
  L_ShortToStr18
  L_ShortToStr19
  L_ShortToStr20
  L_ShortToStr21
  L_ShortToStr22
  L_IntToStr23
  L_IntToStr24
  L_IntToStr25
  L_IntToStr26
  L_IntToStr27
  L_IntToStr28
  L_IntToStrWithZeros29
  L_IntToStrWithZeros30
  L_IntToStrWithZeros31
  L_IntToStrWithZeros32
  L_IntToStrWithZeros33
  L_IntToStrWithZeros34
  L_IntToStrWithZeros35
  L_IntToStrWithZeros36
  L_IntToStrWithZeros37
  L_LongWordToStr38
  L_LongWordToStr39
  L_LongWordToStr40
  L_LongWordToStr41
  L_LongWordToStr42
  L_LongWordToStr43
  L_LongWordToStrWithZeros44
  L_LongWordToStrWithZeros45
  L_LongWordToStrWithZeros46
  L_LongWordToStrWithZeros47
  L_LongWordToStrWithZeros48
  L_LongToStr49
  L_LongToStr50
  L_LongToStr51
  L_LongToStr52
  L_LongToStr53
  L_LongToStr54
  L_LongIntToStrWithZeros55
  L_LongIntToStrWithZeros56
  L_LongIntToStrWithZeros57
  L_LongIntToStrWithZeros58
  L_LongIntToStrWithZeros59
  L_LongIntToStrWithZeros60
  L_LongIntToStrWithZeros61
  L_LongIntToStrWithZeros62
  L_LongIntToStrWithZeros63
  L_Dec2Bcd64
  L_Dec2Bcd65
  L_Rtrim66
  L_Rtrim67
  L_Rtrim68
  L_Rtrim69
  L_Ltrim70
  L_Ltrim71
  L_Ltrim72
  L_Ltrim73
  L_Ltrim74
  L_Ltrim75
  L_FloatToStr76
  L_FloatToStr77
  L_FloatToStr78
  L_FloatToStr79
  L_FloatToStr80
  L_FloatToStr81
  L_FloatToStr82
  L_FloatToStr83
  L_FloatToStr84
  L_FloatToStr85
  L_FloatToStr86
  L_FloatToStr87
  L_FloatToStr88
  L_FloatToStr89
  L_FloatToStr90
  L_FloatToStr91
  L_FloatToStr92
  L_FloatToStr93
  L_FloatToStr94
  L_FloatToStr95
  L_FloatToStr96
  L_FloatToStr97
  L__Rtrim98
  L__Ltrim99
  L__FloatToStr100
  L_end_ByteToHex
  _ByteToHex
  L_end_ShortToHex
  _ShortToHex
  L_end_WordToHex
  _WordToHex
  L_end_IntToHex
  _IntToHex
  L_end_LongWordToHex
  _LongWordToHex
  L_end_LongIntToHex
  _LongIntToHex
  L_end_ByteToStr
  _ByteToStr
  L_end_WordToStr
  _WordToStr
  L__WordToStr109
  L_end_WordToStrWithZeros
  _WordToStrWithZeros
  L__WordToStrWithZeros111
  L_end_ShortToStr
  _ShortToStr
  L__ShortToStr113
  L_end_IntToStr
  _IntToStr
  L__IntToStr115
  L__IntToStr116
  L_end_IntToStrWithZeros
  _IntToStrWithZeros
  L__IntToStrWithZeros118
  L__IntToStrWithZeros119
  L__IntToStrWithZeros120
  L_end_LongWordToStr
  _LongWordToStr
  L__LongWordToStr122
  L__LongWordToStr123
  L_end_LongWordToStrWithZeros
  _LongWordToStrWithZeros
  L__LongWordToStrWithZeros125
  L_end_LongToStr
  _LongToStr
  L__LongToStr127
  L__LongToStr128
  L_end_LongIntToStrWithZeros
  _LongIntToStrWithZeros
  L__LongIntToStrWithZeros130
  L__LongIntToStrWithZeros131
  L__LongIntToStrWithZeros132
  L_end_Dec2Bcd
  _Dec2Bcd
  L_end_Bcd2Dec
  _Bcd2Dec
  L_end_Bcd2Dec16
  _Bcd2Dec16
  L__Bcd2Dec16136
  L__Bcd2Dec16137
  L_end_Dec2Bcd16
  _Dec2Bcd16
  L__Dec2Bcd16139
  L__Dec2Bcd16140
  L_end_Rtrim
  _Rtrim
  L__Rtrim142
  L_end_Ltrim
  _Ltrim
  L_end_FloatToStr
  _FloatToStr
  L__FloatToStr145
  L__FloatToStr146
  L__FloatToStr147
  L__FloatToStr148
  L__FloatToStr149
  L_memchr0
  L_memchr1
  L_memchr2
  L_memchr3
  L_memcmp4
  L_memcmp5
  L_memcmp6
  L_memcpy7
  L_memcpy8
  L_memmove9
  L_memmove10
  L_memmove11
  L_memmove12
  L_memmove13
  L_memmove14
  L_memmove15
  L_memmove16
  L_memmove17
  L_memmove18
  L_memmove19
  L_memset20
  L_memset21
  L_strcat22
  L_strcat23
  L_strcat24
  L_strcat25
  L_strchr26
  L_strchr27
  L_strchr28
  L_strchr29
  L_strcmp30
  L_strcmp31
  L_strcmp32
  L_strcmp33
  L_strcpy34
  L_strcpy35
  L_strlen36
  L_strlen37
  L_strncat38
  L_strncat39
  L_strncat40
  L_strncat41
  L_strncat42
  L_strncat43
  L_strncat44
  L_strncpy45
  L_strncpy46
  L_strncpy47
  L_strncpy48
  L_strncpy49
  L_strspn50
  L_strspn51
  L_strspn52
  L_strspn53
  L_strcspn54
  L_strcspn55
  L_strcspn56
  L_strcspn57
  L_strncmp58
  L_strncmp59
  L_strncmp60
  L_strncmp61
  L_strncmp62
  L_strpbrk63
  L_strpbrk64
  L_strpbrk65
  L_strrchr66
  L_strrchr67
  L_strrchr68
  L_strrchr69
  L_strstr70
  L_strstr71
  L_strstr72
  L_strstr73
  L_strstr74
  L_strtok75
  L_strtok76
  L_strtok77
  L_strtok78
  L_strtok79
  L__memmove80
  L__strcmp81
  L__strncat82
  L__strspn83
  L__strcspn84
  L__strncmp85
  L__strstr86
  L_end_memchr
  _memchr
  L_end_memcmp
  _memcmp
  L__memcmp89
  L_end_memcpy
  _memcpy
  L_end_memmove
  _memmove
  L__memmove92
  L__memmove93
  L_end_memset
  _memset
  L_end_strcat
  _strcat
  L_end_strchr
  _strchr
  L_end_strcmp
  _strcmp
  L_end_strcpy
  _strcpy
  L_end_strlen
  _strlen
  L_end_strncat
  _strncat
  L__strncat101
  L_end_strncpy
  _strncpy
  L_end_strspn
  _strspn
  L__strspn104
  L_end_strcspn
  _strcspn
  L__strcspn106
  L_end_strncmp
  _strncmp
  L_end_strpbrk
  _strpbrk
  L_end_strrchr
  _strrchr
  L__strrchr110
  L_end_strstr
  _strstr
  L__strstr112
  L__strstr113
  L_end_strtok
  _strtok
  L__strtok115
  L_Div_16x16_S0
  L_Div_16x16_S1
  LOOPS3232A
  SADD22LA
  SOK22LA
  SADD22L8
  SOK22L8
  LOOPS3232B
  SADD22LB
  SOK22LB
  SADD22L16
  SOK22L16
  LOOPS3232C
  SADD22LC
  SOK22LC
  SADD22L24
  SOK22L24
  LOOPS3232D
  SADD22LD
  SOK22LD
  SOK22L
  L_Div_32x32_S6
  L_Div_32x32_S7
  L_Div_32x32_S8
  L_Div_32x32_S9
  FXD3232S
  END_ALL
  CA3232S
  C3232SX
  C3232SX1
  C3232S
  C3232S2
  C3232SX4
  C3232SOK
  C3232SX3
  C3232SX2
  avoid_comfrem
  LOOPU3232A
  UADD22LA
  UOK22LA
  UADD22L8
  UOK22L8
  LOOPU3232B
  UADD22LB
  UOK22LB
  UADD22L16
  UOK22L16
  LOOPU3232C
  UADD22LC
  UOK22LC
  UADD22L24
  UOK22L24
  LOOPU3232D
  UADD22LD
  UOK22LD
  UOK22L
  _NEXT
  _EXIT2
  _LOOP
  _EXIT1
  _IF_FIRST
  _IF_SECOND
  _INVERCE_FIRST
  _MULT
  _INBERSE_SECOND
  _EXIT
  L_end_Div_8X8_U
  _Div_8X8_U
  L_end_Div_16X16_U
  _Div_16X16_U
  L_end_Div_16x16_S_L
  _Div_16x16_S_L
  L_end_Div_16x16_S
  _Div_16x16_S
  L_end_Div_8X8_S
  _Div_8X8_S
  L_end_Mul_8X8_S
  _Mul_8X8_S
  L_end_Mul_16X16_U
  _Mul_16X16_U
  L_end_Mul_16X16_S
  _Mul_16X16_S
  L_end_SDIV3232L
  _SDIV3232L
  L_end_COMFREM
  _COMFREM
  L_end_Div_32x32_S
  _Div_32x32_S
  L_end_Div_32x32_U
  _Div_32x32_U
  L_end_Mul_32x32_U
  _Mul_32x32_U
  L_end_Mul_32x32_S
  _Mul_32x32_S
  SETFOV32EEE
  SETFUN32EEE
  NRMRND4032
  NRM40JPSETFOV32
  NRM4032
  NRM4032A
  TNIB4032
  NORM4032
  TNORMUN4032
  NRM40JPSETFUN32
  NRM40JPFIXSIGN32
  NRM4032B
  TNIB4032A
  NORM4032A
  NRM4032C
  TNIB4032B
  NORM4032B
  NRM40JPRES032
  TNIB4032C
  NORM4032C
  NRM40EEE
  NORM3232
  JPNRES032
  JPNSETFUN32
  NORM3232A
  JMPNFIXSIGN32
  NORM32EEE
  SETIOV3224EEE
  FPA32
  USEA32
  USEB32
  BRETURN32
  BLIGNED32
  BNIB32
  BNIB32A
  BNIB32B
  BNIB32C
  ADDEOK
  BLOOP32C
  BLOOP32B
  BLOOP32A
  BLOOP32
  AOK32
  BNE032
  ALIGNED32
  ANIB32
  ANIB32A
  ANIB32B
  ANIB32C
  ALOOP32C
  ALOOP32B
  ALOOP32A
  ALOOP32
  ACOMP32
  ADDJPNRMRND4032
  ADDJPSETFOV32
  ADDJPNRM4032
  ADDEEE
  FPS32
  FPM32
  MULJPRES032
  M32BNE0
  MTUN32
  MULJPSETFOV32
  MOK32
  MULJPSETFUN32
  MROUND32
  MUL32OK
  MULEEE
  L_Div_32x32_FP11
  L_Div_32x32_FP12
  L_Div_32x32_FP13
  L_Div_32x32_FP14
  FPD32
  JPDSETFDZ32
  JPDRES032
  D32BNE0
  TALIGN32
  TS1ALIGN32
  TS2ALIGN32
  DALIGN32OK
  ALTB32
  AGEB32
  JPDSETFOV32
  DARGOK32
  JPDSETFUN32
  DLOOP32
  DS132
  DS232
  DREST32
  DOK32
  DAREST32
  DROUND32
  DIV32OK
  DIV32EEE
  INT3232U
  INT3232UEOK
  SETEXP32U
  SETIOV32U
  TSHIFT3232U
  SHIFT3232UOK
  SHIFT3232U
  INT3232UOK
  JPLSETIOV3224
  IRES032U
  INT3232UEER
  INT3232UEEE
  INT3232
  INT3232EOK
  SETIOV32
  TSHIFT3232
  SHIFT3232OK
  SHIFT3232
  INT3232OK
  JPISETIOV3224
  IRES032
  INT3232EER
  INT3232EEE
  INT3216
  IRES016
  SETIOV16
  TSHIFT3216
  SHIFT3216OK
  SHIFT3216
  INT3216OK
  JPJSETIOV3224
  INT3216EOK
  INT3216EER
  INT3216EEE
  INT3216U
  IRES016U
  SETEXP16U
  SETIOV16U
  TSHIFT3216U
  SHIFT3216UOK
  SHIFT3216U
  INT3216UOK
  JPKSETIOV3224
  INT3216UEOK
  INT3216UEER
  INT3216UEEE
  INT32U08
  IRES008
  SETEXP08
  SETIOV08
  TSHIFT3208
  SHIFT3208OK
  SHIFT3208
  INT3208OK
  D2B_JPKSETIOV3224
  INT3208EOK
  INT3208EER
  INT3208EEE
  FLO08U32
  FLO1632
  FLO1632EEE
  FLO16U32
  FLO3232
  FLO3232EEE
  FLO32U32
  EQU_FALSE
  COMPARE_EQU
  COMPARE_NOTZERO
  COMPARE_XNOTZERO
  COMPARE_YNOTZERO
  COMPARE_LT
  COMPARE_GT
  COMPARE_TESTALL
  COMPARE_C1
  GT_FALSE
  GT_TRUE
  COMPARE_C2
  COMPARE_C3
  L_end_SETFOV32
  _SETFOV32
  L_end_SETFDZ32
  _SETFDZ32
  L_end_FIXSIGN32
  _FIXSIGN32
  L_end_RES032
  _RES032
  L_end_SETFUN32
  _SETFUN32
  L_end_NRM4032
  _NRM4032
  L_end_NRM3232
  _NRM3232
  L_end_SETIOV3224
  _SETIOV3224
  L_end_Add_32x32_FP
  _Add_32x32_FP
  L_end_Sub_32x32_FP
  _Sub_32x32_FP
  L_end_Mul_32x32_FP
  _Mul_32x32_FP
  L_end_Div_32x32_FP
  _Div_32x32_FP
  L_end_double2longword
  _double2longword
  L_end_double2longint
  _double2longint
  L_end_double2int
  _double2int
  L_end_double2word
  _double2word
  L_end_double2byte
  _double2byte
  L_end_byte2double
  _byte2double
  L_end_int2double
  _int2double
  L_end_word2double
  _word2double
  L_end_longint2double
  _longint2double
  L_end_longword2double
  _longword2double
  L_end_Equals_Double
  _Equals_Double
  L_end_Compare_Double
  _Compare_Double
  L_UART1_Init0
  L_UART1_Init1
  L_UART1_Read2
  L_UART1_Write3
  L_UART1_Write4
  L_UART1_Write_Text5
  L_UART1_Write_Text6
  L_UART1_Read_Text7
  L_UART1_Read_Text8
  L_UART1_Read_Text9
  L_UART1_Read_Text10
  L_UART1_Read_Text11
  L_UART1_Read_Text12
  L_UART1_Read_Text13
  L_UART1_Read_Text14
  L_UART1_Read_Text15
  L_UART_Write_Text16
  L_UART_Write_Text17
  L_UART_Read_Text18
  L_UART_Read_Text19
  L_UART_Read_Text20
  L_UART_Read_Text21
  L_UART_Read_Text22
  L_UART_Read_Text23
  L_UART_Read_Text24
  L_UART_Read_Text25
  L_UART_Read_Text26
  L_end_UART1_Init
  _UART1_Init
  L_end_UART1_Data_Ready
  _UART1_Data_Ready
  L_end_UART1_Read
  _UART1_Read
  L_end_UART1_Tx_Idle
  _UART1_Tx_Idle
  L_end_UART1_Write
  _UART1_Write
  L_end_UART1_Write_Text
  _UART1_Write_Text
  L_end_UART1_Read_Text
  _UART1_Read_Text
  L_end_UART_Set_Active
  _UART_Set_Active
  L_end_UART_Write
  _UART_Write
  L_end_UART_Write_Text
  _UART_Write_Text
  L_end_UART_Read
  _UART_Read
  L_end_UART_Data_Ready
  _UART_Data_Ready
  L_end_UART_Read_Text
  _UART_Read_Text
  L_end_UART_Tx_Idle
  _UART_Tx_Idle
