;  LST file generated by mikroListExporter - v.2.0 
; Date/Time: 28/04/2016 17:15:24
;----------------------------------------------

;Address Opcode 	ASM
0x0000	0xF001EF9F  	GOTO        830
_interrupt:
;hae2.c,17 :: 		void interrupt() //rutina de servicio de interrupciones (MikroC)
0x0008	0xF018C000  	MOVFF       R0, 24
0x000C	0xF017C001  	MOVFF       R1, 23
0x0010	0xF016C00C  	MOVFF       R12, 22
0x0014	0xF015C00D  	MOVFF       R13, 21
;hae2.c,19 :: 		if ((PIR1.RCIF == 1) && (UART1_Data_Ready() == 1))
0x0018	0xAA9E      	BTFSS       PIR1, 5 
0x001A	0xD01C      	BRA         L_interrupt2
0x001C	0xD885      	RCALL       _UART1_Data_Ready
0x001E	0x5000      	MOVF        R0, 0 
0x0020	0x0A01      	XORLW       1
0x0022	0xE118      	BNZ         L_interrupt2
L__interrupt6:
;hae2.c,21 :: 		if (UART1_Data_Ready() == 1) {
0x0024	0xD881      	RCALL       _UART1_Data_Ready
0x0026	0x5000      	MOVF        R0, 0 
0x0028	0x0A01      	XORLW       1
0x002A	0xE114      	BNZ         L_interrupt3
;hae2.c,22 :: 		UART1_Read_Text(distancia, "EOL", 255);
0x002C	0x0E21      	MOVLW       _distancia
0x002E	0x6E3C      	MOVWF       FARG_UART1_Read_Text_Output 
0x0030	0x0E00      	MOVLW       hi_addr(_distancia)
0x0032	0x6E3D      	MOVWF       FARG_UART1_Read_Text_Output+1 
0x0034	0x0E19      	MOVLW       ?lstr1_hae2
0x0036	0x6E3E      	MOVWF       FARG_UART1_Read_Text_Delimiter 
0x0038	0x0E00      	MOVLW       hi_addr(?lstr1_hae2)
0x003A	0x6E3F      	MOVWF       FARG_UART1_Read_Text_Delimiter+1 
0x003C	0x0EFF      	MOVLW       255
0x003E	0x6E40      	MOVWF       FARG_UART1_Read_Text_Attempts 
0x0040	0xD908      	RCALL       _UART1_Read_Text
;hae2.c,23 :: 		Lcd_out(1,1, distancia);
0x0042	0x0E01      	MOVLW       1
0x0044	0x6E3C      	MOVWF       FARG_Lcd_Out_row 
0x0046	0x0E01      	MOVLW       1
0x0048	0x6E3D      	MOVWF       FARG_Lcd_Out_column 
0x004A	0x0E21      	MOVLW       _distancia
0x004C	0x6E3E      	MOVWF       FARG_Lcd_Out_text 
0x004E	0x0E00      	MOVLW       hi_addr(_distancia)
0x0050	0x6E3F      	MOVWF       FARG_Lcd_Out_text+1 
0x0052	0xD86F      	RCALL       _Lcd_Out
;hae2.c,24 :: 		}
L_interrupt3:
;hae2.c,25 :: 		}
L_interrupt2:
;hae2.c,26 :: 		PIR1.RCIF = 0; // se borra el flag de la interrupción RCIE
0x0054	0x9A9E      	BCF         PIR1, 5 
;hae2.c,27 :: 		}
L_end_interrupt:
L__interrupt8:
0x0056	0xF000C018  	MOVFF       24, R0
0x005A	0xF001C017  	MOVFF       23, R1
0x005E	0xF00CC016  	MOVFF       22, R12
0x0062	0xF00DC015  	MOVFF       21, R13
0x0066	0x0011      	RETFIE      1
; end of _interrupt
_Delay_5500us:
;__Lib_Delays.c,31 :: 		void Delay_5500us() {
;__Lib_Delays.c,32 :: 		Delay_us(5500);
0x0068	0x0E0F      	MOVLW       15
0x006A	0x6E0C      	MOVWF       R12, 0
0x006C	0x0E47      	MOVLW       71
0x006E	0x6E0D      	MOVWF       R13, 0
L_Delay_5500us5:
0x0070	0x2E0D      	DECFSZ      R13, 1, 0
0x0072	0xD7FE      	BRA         L_Delay_5500us5
0x0074	0x2E0C      	DECFSZ      R12, 1, 0
0x0076	0xD7FC      	BRA         L_Delay_5500us5
0x0078	0x0000      	NOP
0x007A	0x0000      	NOP
;__Lib_Delays.c,33 :: 		}
L_end_Delay_5500us:
0x007C	0x0012      	RETURN      0
; end of _Delay_5500us
_Delay_1us:
;__Lib_Delays.c,7 :: 		void Delay_1us() {
;__Lib_Delays.c,8 :: 		Delay_us(1);
0x007E	0x0000      	NOP
0x0080	0x0000      	NOP
;__Lib_Delays.c,9 :: 		}
L_end_Delay_1us:
0x0082	0x0012      	RETURN      0
; end of _Delay_1us
_Delay_50us:
;__Lib_Delays.c,19 :: 		void Delay_50us() {
;__Lib_Delays.c,20 :: 		Delay_us(50);
0x0084	0x0E21      	MOVLW       33
0x0086	0x6E0D      	MOVWF       R13, 0
L_Delay_50us2:
0x0088	0x2E0D      	DECFSZ      R13, 1, 0
0x008A	0xD7FE      	BRA         L_Delay_50us2
;__Lib_Delays.c,21 :: 		}
L_end_Delay_50us:
0x008C	0x0012      	RETURN      0
; end of _Delay_50us
_Lcd_Cmd:
;__Lib_Lcd.c,18 :: 		
;__Lib_Lcd.c,20 :: 		
0x008E	0xBE45      	BTFSC       FARG_Lcd_Cmd_out_char, 7 
0x0090	0xD002      	BRA         L__Lcd_Cmd21
0x0092	0x9E81      	BCF         LCD_D7, BitPos(LCD_D7+0) 
0x0094	0xD001      	BRA         L__Lcd_Cmd22
L__Lcd_Cmd21:
0x0096	0x8E81      	BSF         LCD_D7, BitPos(LCD_D7+0) 
L__Lcd_Cmd22:
;__Lib_Lcd.c,21 :: 		
0x0098	0xBC45      	BTFSC       FARG_Lcd_Cmd_out_char, 6 
0x009A	0xD002      	BRA         L__Lcd_Cmd23
0x009C	0x9C81      	BCF         LCD_D6, BitPos(LCD_D6+0) 
0x009E	0xD001      	BRA         L__Lcd_Cmd24
L__Lcd_Cmd23:
0x00A0	0x8C81      	BSF         LCD_D6, BitPos(LCD_D6+0) 
L__Lcd_Cmd24:
;__Lib_Lcd.c,22 :: 		
0x00A2	0xBA45      	BTFSC       FARG_Lcd_Cmd_out_char, 5 
0x00A4	0xD002      	BRA         L__Lcd_Cmd25
0x00A6	0x9A81      	BCF         LCD_D5, BitPos(LCD_D5+0) 
0x00A8	0xD001      	BRA         L__Lcd_Cmd26
L__Lcd_Cmd25:
0x00AA	0x8A81      	BSF         LCD_D5, BitPos(LCD_D5+0) 
L__Lcd_Cmd26:
;__Lib_Lcd.c,23 :: 		
0x00AC	0xB845      	BTFSC       FARG_Lcd_Cmd_out_char, 4 
0x00AE	0xD002      	BRA         L__Lcd_Cmd27
0x00B0	0x9881      	BCF         LCD_D4, BitPos(LCD_D4+0) 
0x00B2	0xD001      	BRA         L__Lcd_Cmd28
L__Lcd_Cmd27:
0x00B4	0x8881      	BSF         LCD_D4, BitPos(LCD_D4+0) 
L__Lcd_Cmd28:
;__Lib_Lcd.c,25 :: 		
0x00B6	0xB033      	BTFSC       __Lib_Lcd_cmd_status, BitPos(__Lib_Lcd_cmd_status+0) 
0x00B8	0xD002      	BRA         L__Lcd_Cmd29
0x00BA	0x8082      	BSF         LCD_RS, BitPos(LCD_RS+0) 
0x00BC	0xD001      	BRA         L__Lcd_Cmd30
L__Lcd_Cmd29:
0x00BE	0x9082      	BCF         LCD_RS, BitPos(LCD_RS+0) 
L__Lcd_Cmd30:
;__Lib_Lcd.c,28 :: 		
0x00C0	0x8282      	BSF         LCD_EN, BitPos(LCD_EN+0) 
;__Lib_Lcd.c,29 :: 		
0x00C2	0xDFDD      	RCALL       _Delay_1us
;__Lib_Lcd.c,30 :: 		
0x00C4	0x9282      	BCF         LCD_EN, BitPos(LCD_EN+0) 
;__Lib_Lcd.c,33 :: 		
0x00C6	0xB645      	BTFSC       FARG_Lcd_Cmd_out_char, 3 
0x00C8	0xD002      	BRA         L__Lcd_Cmd31
0x00CA	0x9E81      	BCF         LCD_D7, BitPos(LCD_D7+0) 
0x00CC	0xD001      	BRA         L__Lcd_Cmd32
L__Lcd_Cmd31:
0x00CE	0x8E81      	BSF         LCD_D7, BitPos(LCD_D7+0) 
L__Lcd_Cmd32:
;__Lib_Lcd.c,34 :: 		
0x00D0	0xB445      	BTFSC       FARG_Lcd_Cmd_out_char, 2 
0x00D2	0xD002      	BRA         L__Lcd_Cmd33
0x00D4	0x9C81      	BCF         LCD_D6, BitPos(LCD_D6+0) 
0x00D6	0xD001      	BRA         L__Lcd_Cmd34
L__Lcd_Cmd33:
0x00D8	0x8C81      	BSF         LCD_D6, BitPos(LCD_D6+0) 
L__Lcd_Cmd34:
;__Lib_Lcd.c,35 :: 		
0x00DA	0xB245      	BTFSC       FARG_Lcd_Cmd_out_char, 1 
0x00DC	0xD002      	BRA         L__Lcd_Cmd35
0x00DE	0x9A81      	BCF         LCD_D5, BitPos(LCD_D5+0) 
0x00E0	0xD001      	BRA         L__Lcd_Cmd36
L__Lcd_Cmd35:
0x00E2	0x8A81      	BSF         LCD_D5, BitPos(LCD_D5+0) 
L__Lcd_Cmd36:
;__Lib_Lcd.c,36 :: 		
0x00E4	0xB045      	BTFSC       FARG_Lcd_Cmd_out_char, 0 
0x00E6	0xD002      	BRA         L__Lcd_Cmd37
0x00E8	0x9881      	BCF         LCD_D4, BitPos(LCD_D4+0) 
0x00EA	0xD001      	BRA         L__Lcd_Cmd38
L__Lcd_Cmd37:
0x00EC	0x8881      	BSF         LCD_D4, BitPos(LCD_D4+0) 
L__Lcd_Cmd38:
;__Lib_Lcd.c,38 :: 		
0x00EE	0xB033      	BTFSC       __Lib_Lcd_cmd_status, BitPos(__Lib_Lcd_cmd_status+0) 
0x00F0	0xD002      	BRA         L__Lcd_Cmd39
0x00F2	0x8082      	BSF         LCD_RS, BitPos(LCD_RS+0) 
0x00F4	0xD001      	BRA         L__Lcd_Cmd40
L__Lcd_Cmd39:
0x00F6	0x9082      	BCF         LCD_RS, BitPos(LCD_RS+0) 
L__Lcd_Cmd40:
;__Lib_Lcd.c,40 :: 		
0x00F8	0x8282      	BSF         LCD_EN, BitPos(LCD_EN+0) 
;__Lib_Lcd.c,41 :: 		
0x00FA	0xDFC1      	RCALL       _Delay_1us
;__Lib_Lcd.c,42 :: 		
0x00FC	0x9282      	BCF         LCD_EN, BitPos(LCD_EN+0) 
;__Lib_Lcd.c,44 :: 		
0x00FE	0xA033      	BTFSS       __Lib_Lcd_cmd_status, BitPos(__Lib_Lcd_cmd_status+0) 
0x0100	0xD002      	BRA         L_Lcd_Cmd0
;__Lib_Lcd.c,45 :: 		
0x0102	0xDFB2      	RCALL       _Delay_5500us
0x0104	0xD001      	BRA         L_Lcd_Cmd1
L_Lcd_Cmd0:
;__Lib_Lcd.c,47 :: 		
0x0106	0xDFBE      	RCALL       _Delay_50us
L_Lcd_Cmd1:
;__Lib_Lcd.c,48 :: 		
L_end_Lcd_Cmd:
0x0108	0x0012      	RETURN      0
; end of _Lcd_Cmd
_UART1_Read:
;__Lib_UART_c67.c,39 :: 		
;__Lib_UART_c67.c,42 :: 		
0x010A	0xF001CFAE  	MOVFF       RCREG, R1
;__Lib_UART_c67.c,43 :: 		
0x010E	0xA2AB      	BTFSS       RCSTA, 1 
0x0110	0xD002      	BRA         L_UART1_Read2
;__Lib_UART_c67.c,44 :: 		
0x0112	0x98AB      	BCF         RCSTA, 4 
;__Lib_UART_c67.c,45 :: 		
0x0114	0x88AB      	BSF         RCSTA, 4 
;__Lib_UART_c67.c,46 :: 		
L_UART1_Read2:
;__Lib_UART_c67.c,47 :: 		
0x0116	0xF000C001  	MOVFF       R1, R0
;__Lib_UART_c67.c,48 :: 		
L_end_UART1_Read:
0x011A	0x0012      	RETURN      0
; end of _UART1_Read
_Lcd_Chr_CP:
;__Lib_Lcd.c,50 :: 		
;__Lib_Lcd.c,52 :: 		
0x011C	0x9033      	BCF         __Lib_Lcd_cmd_status, BitPos(__Lib_Lcd_cmd_status+0) 
;__Lib_Lcd.c,53 :: 		
0x011E	0xF045C044  	MOVFF       FARG_Lcd_Chr_CP_out_char, FARG_Lcd_Cmd_out_char
0x0122	0xDFB5      	RCALL       _Lcd_Cmd
;__Lib_Lcd.c,54 :: 		
0x0124	0x8033      	BSF         __Lib_Lcd_cmd_status, BitPos(__Lib_Lcd_cmd_status+0) 
;__Lib_Lcd.c,55 :: 		
L_end_Lcd_Chr_CP:
0x0126	0x0012      	RETURN      0
; end of _Lcd_Chr_CP
_UART1_Data_Ready:
;__Lib_UART_c67.c,34 :: 		
;__Lib_UART_c67.c,35 :: 		
0x0128	0x0E00      	MOVLW       0
0x012A	0xBA9E      	BTFSC       PIR1, 5 
0x012C	0x0E01      	MOVLW       1
0x012E	0x6E00      	MOVWF       R0 
;__Lib_UART_c67.c,36 :: 		
L_end_UART1_Data_Ready:
0x0130	0x0012      	RETURN      0
; end of _UART1_Data_Ready
_Lcd_Out:
;__Lib_Lcd.c,184 :: 		
;__Lib_Lcd.c,187 :: 		
0x0132	0xD00F      	BRA         L_Lcd_Out11
;__Lib_Lcd.c,188 :: 		
L_Lcd_Out13:
0x0134	0x0E80      	MOVLW       128
0x0136	0x6E3C      	MOVWF       FARG_Lcd_Out_row 
0x0138	0xD019      	BRA         L_Lcd_Out12
;__Lib_Lcd.c,189 :: 		
L_Lcd_Out14:
0x013A	0x0EC0      	MOVLW       192
0x013C	0x6E3C      	MOVWF       FARG_Lcd_Out_row 
0x013E	0xD016      	BRA         L_Lcd_Out12
;__Lib_Lcd.c,190 :: 		
L_Lcd_Out15:
0x0140	0x0E94      	MOVLW       148
0x0142	0x6E3C      	MOVWF       FARG_Lcd_Out_row 
0x0144	0xD013      	BRA         L_Lcd_Out12
;__Lib_Lcd.c,191 :: 		
L_Lcd_Out16:
0x0146	0x0ED4      	MOVLW       212
0x0148	0x6E3C      	MOVWF       FARG_Lcd_Out_row 
0x014A	0xD010      	BRA         L_Lcd_Out12
;__Lib_Lcd.c,192 :: 		
L_Lcd_Out17:
0x014C	0x0E80      	MOVLW       128
0x014E	0x6E3C      	MOVWF       FARG_Lcd_Out_row 
;__Lib_Lcd.c,193 :: 		
0x0150	0xD00D      	BRA         L_Lcd_Out12
L_Lcd_Out11:
0x0152	0x503C      	MOVF        FARG_Lcd_Out_row, 0 
0x0154	0x0A01      	XORLW       1
0x0156	0xE0EE      	BZ          L_Lcd_Out13
0x0158	0x503C      	MOVF        FARG_Lcd_Out_row, 0 
0x015A	0x0A02      	XORLW       2
0x015C	0xE0EE      	BZ          L_Lcd_Out14
0x015E	0x503C      	MOVF        FARG_Lcd_Out_row, 0 
0x0160	0x0A03      	XORLW       3
0x0162	0xE0EE      	BZ          L_Lcd_Out15
0x0164	0x503C      	MOVF        FARG_Lcd_Out_row, 0 
0x0166	0x0A04      	XORLW       4
0x0168	0xE0EE      	BZ          L_Lcd_Out16
0x016A	0xD7F0      	BRA         L_Lcd_Out17
L_Lcd_Out12:
;__Lib_Lcd.c,194 :: 		
0x016C	0x043D      	DECF        FARG_Lcd_Out_column, 0 
0x016E	0x6E00      	MOVWF       R0 
0x0170	0x503C      	MOVF        FARG_Lcd_Out_row, 0 
0x0172	0x2600      	ADDWF       R0, 1 
0x0174	0xF03CC000  	MOVFF       R0, FARG_Lcd_Out_row
;__Lib_Lcd.c,196 :: 		
0x0178	0xF045C000  	MOVFF       R0, FARG_Lcd_Cmd_out_char
0x017C	0xDF88      	RCALL       _Lcd_Cmd
;__Lib_Lcd.c,197 :: 		
0x017E	0x9033      	BCF         __Lib_Lcd_cmd_status, BitPos(__Lib_Lcd_cmd_status+0) 
;__Lib_Lcd.c,198 :: 		
0x0180	0x6A40      	CLRF        Lcd_Out_i_L0 
;__Lib_Lcd.c,199 :: 		
L_Lcd_Out18:
0x0182	0x5040      	MOVF        Lcd_Out_i_L0, 0 
0x0184	0x243E      	ADDWF       FARG_Lcd_Out_text, 0 
0x0186	0x6EE9      	MOVWF       FSR0L 
0x0188	0x0E00      	MOVLW       0
0x018A	0x203F      	ADDWFC      FARG_Lcd_Out_text+1, 0 
0x018C	0x6EEA      	MOVWF       FSR0H 
0x018E	0x52EE      	MOVF        POSTINC0, 1 
0x0190	0xE00B      	BZ          L_Lcd_Out19
;__Lib_Lcd.c,200 :: 		
0x0192	0x5040      	MOVF        Lcd_Out_i_L0, 0 
0x0194	0x243E      	ADDWF       FARG_Lcd_Out_text, 0 
0x0196	0x6EE9      	MOVWF       FSR0L 
0x0198	0x0E00      	MOVLW       0
0x019A	0x203F      	ADDWFC      FARG_Lcd_Out_text+1, 0 
0x019C	0x6EEA      	MOVWF       FSR0H 
0x019E	0xF044CFEE  	MOVFF       POSTINC0, FARG_Lcd_Chr_CP_out_char
0x01A2	0xDFBC      	RCALL       _Lcd_Chr_CP
0x01A4	0x2A40      	INCF        Lcd_Out_i_L0, 1 
0x01A6	0xD7ED      	BRA         L_Lcd_Out18
L_Lcd_Out19:
;__Lib_Lcd.c,201 :: 		
0x01A8	0x8033      	BSF         __Lib_Lcd_cmd_status, BitPos(__Lib_Lcd_cmd_status+0) 
;__Lib_Lcd.c,202 :: 		
L_end_Lcd_Out:
0x01AA	0x0012      	RETURN      0
; end of _Lcd_Out
_Lcd_Init:
;__Lib_Lcd.c,84 :: 		
;__Lib_Lcd.c,86 :: 		
0x01AC	0x9294      	BCF         LCD_EN_Direction, BitPos(LCD_EN_Direction+0) 
;__Lib_Lcd.c,87 :: 		
0x01AE	0x9094      	BCF         LCD_RS_Direction, BitPos(LCD_RS_Direction+0) 
;__Lib_Lcd.c,88 :: 		
0x01B0	0x9893      	BCF         LCD_D4_Direction, BitPos(LCD_D4_Direction+0) 
;__Lib_Lcd.c,89 :: 		
0x01B2	0x9A93      	BCF         LCD_D5_Direction, BitPos(LCD_D5_Direction+0) 
;__Lib_Lcd.c,90 :: 		
0x01B4	0x9C93      	BCF         LCD_D6_Direction, BitPos(LCD_D6_Direction+0) 
;__Lib_Lcd.c,91 :: 		
0x01B6	0x9E93      	BCF         LCD_D7_Direction, BitPos(LCD_D7_Direction+0) 
;__Lib_Lcd.c,93 :: 		
0x01B8	0x9282      	BCF         LCD_EN, BitPos(LCD_EN+0) 
;__Lib_Lcd.c,94 :: 		
0x01BA	0x9082      	BCF         LCD_RS, BitPos(LCD_RS+0) 
;__Lib_Lcd.c,95 :: 		
0x01BC	0x9E81      	BCF         LCD_D7, BitPos(LCD_D7+0) 
;__Lib_Lcd.c,96 :: 		
0x01BE	0x9C81      	BCF         LCD_D6, BitPos(LCD_D6+0) 
;__Lib_Lcd.c,97 :: 		
0x01C0	0x9A81      	BCF         LCD_D5, BitPos(LCD_D5+0) 
;__Lib_Lcd.c,98 :: 		
0x01C2	0x9881      	BCF         LCD_D4, BitPos(LCD_D4+0) 
;__Lib_Lcd.c,100 :: 		
0x01C4	0xDF51      	RCALL       _Delay_5500us
;__Lib_Lcd.c,101 :: 		
0x01C6	0xDF50      	RCALL       _Delay_5500us
;__Lib_Lcd.c,102 :: 		
0x01C8	0xDF4F      	RCALL       _Delay_5500us
;__Lib_Lcd.c,105 :: 		
0x01CA	0x8A81      	BSF         LCD_D5, BitPos(LCD_D5+0) 
;__Lib_Lcd.c,106 :: 		
0x01CC	0x8881      	BSF         LCD_D4, BitPos(LCD_D4+0) 
;__Lib_Lcd.c,107 :: 		
0x01CE	0x8282      	BSF         LCD_EN, BitPos(LCD_EN+0) 
;__Lib_Lcd.c,108 :: 		
0x01D0	0xDF56      	RCALL       _Delay_1us
;__Lib_Lcd.c,109 :: 		
0x01D2	0x9282      	BCF         LCD_EN, BitPos(LCD_EN+0) 
;__Lib_Lcd.c,110 :: 		
0x01D4	0xDF49      	RCALL       _Delay_5500us
;__Lib_Lcd.c,112 :: 		
0x01D6	0x8282      	BSF         LCD_EN, BitPos(LCD_EN+0) 
;__Lib_Lcd.c,113 :: 		
0x01D8	0xDF52      	RCALL       _Delay_1us
;__Lib_Lcd.c,114 :: 		
0x01DA	0x9282      	BCF         LCD_EN, BitPos(LCD_EN+0) 
;__Lib_Lcd.c,115 :: 		
0x01DC	0xDF45      	RCALL       _Delay_5500us
;__Lib_Lcd.c,117 :: 		
0x01DE	0x8282      	BSF         LCD_EN, BitPos(LCD_EN+0) 
;__Lib_Lcd.c,118 :: 		
0x01E0	0xDF4E      	RCALL       _Delay_1us
;__Lib_Lcd.c,119 :: 		
0x01E2	0x9282      	BCF         LCD_EN, BitPos(LCD_EN+0) 
;__Lib_Lcd.c,120 :: 		
0x01E4	0xDF41      	RCALL       _Delay_5500us
;__Lib_Lcd.c,123 :: 		
0x01E6	0x9881      	BCF         LCD_D4, BitPos(LCD_D4+0) 
;__Lib_Lcd.c,124 :: 		
0x01E8	0x8282      	BSF         LCD_EN, BitPos(LCD_EN+0) 
;__Lib_Lcd.c,125 :: 		
0x01EA	0xDF49      	RCALL       _Delay_1us
;__Lib_Lcd.c,126 :: 		
0x01EC	0x9282      	BCF         LCD_EN, BitPos(LCD_EN+0) 
;__Lib_Lcd.c,127 :: 		
0x01EE	0xDF3C      	RCALL       _Delay_5500us
;__Lib_Lcd.c,130 :: 		
0x01F0	0x8282      	BSF         LCD_EN, BitPos(LCD_EN+0) 
;__Lib_Lcd.c,131 :: 		
0x01F2	0xDF45      	RCALL       _Delay_1us
;__Lib_Lcd.c,132 :: 		
0x01F4	0x9282      	BCF         LCD_EN, BitPos(LCD_EN+0) 
;__Lib_Lcd.c,134 :: 		
0x01F6	0x9A81      	BCF         LCD_D5, BitPos(LCD_D5+0) 
;__Lib_Lcd.c,135 :: 		
0x01F8	0x8E81      	BSF         LCD_D7, BitPos(LCD_D7+0) 
;__Lib_Lcd.c,136 :: 		
0x01FA	0x8282      	BSF         LCD_EN, BitPos(LCD_EN+0) 
;__Lib_Lcd.c,137 :: 		
0x01FC	0xDF40      	RCALL       _Delay_1us
;__Lib_Lcd.c,138 :: 		
0x01FE	0x9282      	BCF         LCD_EN, BitPos(LCD_EN+0) 
;__Lib_Lcd.c,139 :: 		
0x0200	0xDF33      	RCALL       _Delay_5500us
;__Lib_Lcd.c,142 :: 		
0x0202	0x9E81      	BCF         LCD_D7, BitPos(LCD_D7+0) 
;__Lib_Lcd.c,143 :: 		
0x0204	0x8881      	BSF         LCD_D4, BitPos(LCD_D4+0) 
;__Lib_Lcd.c,144 :: 		
0x0206	0x8282      	BSF         LCD_EN, BitPos(LCD_EN+0) 
;__Lib_Lcd.c,145 :: 		
0x0208	0xDF3A      	RCALL       _Delay_1us
;__Lib_Lcd.c,146 :: 		
0x020A	0x9282      	BCF         LCD_EN, BitPos(LCD_EN+0) 
;__Lib_Lcd.c,148 :: 		
0x020C	0x9881      	BCF         LCD_D4, BitPos(LCD_D4+0) 
;__Lib_Lcd.c,149 :: 		
0x020E	0x8282      	BSF         LCD_EN, BitPos(LCD_EN+0) 
;__Lib_Lcd.c,150 :: 		
0x0210	0xDF36      	RCALL       _Delay_1us
;__Lib_Lcd.c,151 :: 		
0x0212	0x9282      	BCF         LCD_EN, BitPos(LCD_EN+0) 
;__Lib_Lcd.c,152 :: 		
0x0214	0xDF29      	RCALL       _Delay_5500us
;__Lib_Lcd.c,155 :: 		
0x0216	0x8282      	BSF         LCD_EN, BitPos(LCD_EN+0) 
;__Lib_Lcd.c,156 :: 		
0x0218	0xDF32      	RCALL       _Delay_1us
;__Lib_Lcd.c,157 :: 		
0x021A	0x9282      	BCF         LCD_EN, BitPos(LCD_EN+0) 
;__Lib_Lcd.c,159 :: 		
0x021C	0x8881      	BSF         LCD_D4, BitPos(LCD_D4+0) 
;__Lib_Lcd.c,160 :: 		
0x021E	0x8282      	BSF         LCD_EN, BitPos(LCD_EN+0) 
;__Lib_Lcd.c,161 :: 		
0x0220	0xDF2E      	RCALL       _Delay_1us
;__Lib_Lcd.c,162 :: 		
0x0222	0x9282      	BCF         LCD_EN, BitPos(LCD_EN+0) 
;__Lib_Lcd.c,163 :: 		
0x0224	0xDF21      	RCALL       _Delay_5500us
;__Lib_Lcd.c,166 :: 		
0x0226	0x9881      	BCF         LCD_D4, BitPos(LCD_D4+0) 
;__Lib_Lcd.c,167 :: 		
0x0228	0x8282      	BSF         LCD_EN, BitPos(LCD_EN+0) 
;__Lib_Lcd.c,168 :: 		
0x022A	0xDF29      	RCALL       _Delay_1us
;__Lib_Lcd.c,169 :: 		
0x022C	0x9282      	BCF         LCD_EN, BitPos(LCD_EN+0) 
;__Lib_Lcd.c,171 :: 		
0x022E	0x8E81      	BSF         LCD_D7, BitPos(LCD_D7+0) 
;__Lib_Lcd.c,172 :: 		
0x0230	0x8C81      	BSF         LCD_D6, BitPos(LCD_D6+0) 
;__Lib_Lcd.c,173 :: 		
0x0232	0x8A81      	BSF         LCD_D5, BitPos(LCD_D5+0) 
;__Lib_Lcd.c,174 :: 		
0x0234	0x8881      	BSF         LCD_D4, BitPos(LCD_D4+0) 
;__Lib_Lcd.c,175 :: 		
0x0236	0x8282      	BSF         LCD_EN, BitPos(LCD_EN+0) 
;__Lib_Lcd.c,176 :: 		
0x0238	0xDF22      	RCALL       _Delay_1us
;__Lib_Lcd.c,177 :: 		
0x023A	0x9282      	BCF         LCD_EN, BitPos(LCD_EN+0) 
;__Lib_Lcd.c,179 :: 		
0x023C	0xDF15      	RCALL       _Delay_5500us
;__Lib_Lcd.c,181 :: 		
0x023E	0x8033      	BSF         __Lib_Lcd_cmd_status, BitPos(__Lib_Lcd_cmd_status+0) 
;__Lib_Lcd.c,182 :: 		
L_end_Lcd_Init:
0x0240	0x0012      	RETURN      0
; end of _Lcd_Init
___CC2DW:
;__Lib_System.c,21 :: 		
;__Lib_System.c,23 :: 		
_CC2DL_Loop1:
;__Lib_System.c,24 :: 		
0x0242	0x0009      	TBLRD*+
;__Lib_System.c,25 :: 		
0x0244	0xFFE6CFF5  	MOVFF       TABLAT, POSTINC1
;__Lib_System.c,26 :: 		
0x0248	0x0600      	DECF        R0, 1, 0
;__Lib_System.c,27 :: 		
0x024A	0xE1FB      	BNZ         _CC2DL_Loop1
;__Lib_System.c,28 :: 		
0x024C	0x0601      	DECF        R1, 1, 0
;__Lib_System.c,29 :: 		
0x024E	0xE1F9      	BNZ         _CC2DL_Loop1
;__Lib_System.c,31 :: 		
L_end___CC2DW:
0x0250	0x0012      	RETURN      0
; end of ___CC2DW
_UART1_Read_Text:
;__Lib_UART_c67.c,78 :: 		
;__Lib_UART_c67.c,79 :: 		
0x0252	0x6A42      	CLRF        UART1_Read_Text_out_idx_L0 
0x0254	0x6A43      	CLRF        UART1_Read_Text_delim_idx_L0 
;__Lib_UART_c67.c,81 :: 		
L_UART1_Read_Text7:
0x0256	0x5240      	MOVF        FARG_UART1_Read_Text_Attempts, 1 
0x0258	0xE041      	BZ          L_UART1_Read_Text8
;__Lib_UART_c67.c,83 :: 		
0x025A	0x5040      	MOVF        FARG_UART1_Read_Text_Attempts, 0 
0x025C	0x0AFF      	XORLW       255
0x025E	0xA4D8      	BTFSS       STATUS, 2 
;__Lib_UART_c67.c,84 :: 		
0x0260	0x0640      	DECF        FARG_UART1_Read_Text_Attempts, 1 
L_UART1_Read_Text9:
;__Lib_UART_c67.c,86 :: 		
L_UART1_Read_Text10:
0x0262	0xDF62      	RCALL       _UART1_Data_Ready
0x0264	0x5000      	MOVF        R0, 0 
0x0266	0x0A00      	XORLW       0
0x0268	0xE101      	BNZ         L_UART1_Read_Text11
;__Lib_UART_c67.c,87 :: 		
0x026A	0xD7FB      	BRA         L_UART1_Read_Text10
L_UART1_Read_Text11:
;__Lib_UART_c67.c,89 :: 		
0x026C	0xDF4E      	RCALL       _UART1_Read
0x026E	0xF041C000  	MOVFF       R0, UART1_Read_Text_r_data_L0
;__Lib_UART_c67.c,90 :: 		
0x0272	0x5042      	MOVF        UART1_Read_Text_out_idx_L0, 0 
0x0274	0x243C      	ADDWF       FARG_UART1_Read_Text_Output, 0 
0x0276	0x6EE1      	MOVWF       FSR1L 
0x0278	0x0E00      	MOVLW       0
0x027A	0x203D      	ADDWFC      FARG_UART1_Read_Text_Output+1, 0 
0x027C	0x6EE2      	MOVWF       FSR1H 
0x027E	0xFFE6C000  	MOVFF       R0, POSTINC1
0x0282	0x2A42      	INCF        UART1_Read_Text_out_idx_L0, 1 
;__Lib_UART_c67.c,91 :: 		
0x0284	0x5043      	MOVF        UART1_Read_Text_delim_idx_L0, 0 
0x0286	0x243E      	ADDWF       FARG_UART1_Read_Text_Delimiter, 0 
0x0288	0x6EE9      	MOVWF       FSR0L 
0x028A	0x0E00      	MOVLW       0
0x028C	0x203F      	ADDWFC      FARG_UART1_Read_Text_Delimiter+1, 0 
0x028E	0x6EEA      	MOVWF       FSR0H 
0x0290	0x50EE      	MOVF        POSTINC0, 0 
0x0292	0x1841      	XORWF       UART1_Read_Text_r_data_L0, 0 
0x0294	0xE102      	BNZ         L_UART1_Read_Text12
;__Lib_UART_c67.c,92 :: 		
0x0296	0x2A43      	INCF        UART1_Read_Text_delim_idx_L0, 1 
;__Lib_UART_c67.c,93 :: 		
0x0298	0xD009      	BRA         L_UART1_Read_Text13
L_UART1_Read_Text12:
;__Lib_UART_c67.c,95 :: 		
0x029A	0x6A43      	CLRF        UART1_Read_Text_delim_idx_L0 
;__Lib_UART_c67.c,96 :: 		
0x029C	0xFFE9C03E  	MOVFF       FARG_UART1_Read_Text_Delimiter, FSR0L
0x02A0	0xFFEAC03F  	MOVFF       FARG_UART1_Read_Text_Delimiter+1, FSR0H
0x02A4	0x50EE      	MOVF        POSTINC0, 0 
0x02A6	0x1841      	XORWF       UART1_Read_Text_r_data_L0, 0 
0x02A8	0xB4D8      	BTFSC       STATUS, 2 
;__Lib_UART_c67.c,97 :: 		
0x02AA	0x2A43      	INCF        UART1_Read_Text_delim_idx_L0, 1 
;__Lib_UART_c67.c,98 :: 		
L_UART1_Read_Text14:
;__Lib_UART_c67.c,99 :: 		
L_UART1_Read_Text13:
;__Lib_UART_c67.c,101 :: 		
0x02AC	0x5043      	MOVF        UART1_Read_Text_delim_idx_L0, 0 
0x02AE	0x243E      	ADDWF       FARG_UART1_Read_Text_Delimiter, 0 
0x02B0	0x6EE9      	MOVWF       FSR0L 
0x02B2	0x0E00      	MOVLW       0
0x02B4	0x203F      	ADDWFC      FARG_UART1_Read_Text_Delimiter+1, 0 
0x02B6	0x6EEA      	MOVWF       FSR0H 
0x02B8	0x50EE      	MOVF        POSTINC0, 0 
0x02BA	0x0A00      	XORLW       0
0x02BC	0xE10E      	BNZ         L_UART1_Read_Text15
;__Lib_UART_c67.c,102 :: 		
0x02BE	0x5043      	MOVF        UART1_Read_Text_delim_idx_L0, 0 
0x02C0	0x5C42      	SUBWF       UART1_Read_Text_out_idx_L0, 0 
0x02C2	0x6E00      	MOVWF       R0 
0x02C4	0x6A01      	CLRF        R1 
0x02C6	0x0E00      	MOVLW       0
0x02C8	0x5A01      	SUBWFB      R1, 1 
0x02CA	0x5000      	MOVF        R0, 0 
0x02CC	0x243C      	ADDWF       FARG_UART1_Read_Text_Output, 0 
0x02CE	0x6EE1      	MOVWF       FSR1L 
0x02D0	0x5001      	MOVF        R1, 0 
0x02D2	0x203D      	ADDWFC      FARG_UART1_Read_Text_Output+1, 0 
0x02D4	0x6EE2      	MOVWF       FSR1H 
0x02D6	0x6AE6      	CLRF        POSTINC1 
;__Lib_UART_c67.c,103 :: 		
0x02D8	0xD006      	BRA         L_end_UART1_Read_Text
;__Lib_UART_c67.c,104 :: 		
L_UART1_Read_Text15:
;__Lib_UART_c67.c,106 :: 		
0x02DA	0xD7BD      	BRA         L_UART1_Read_Text7
L_UART1_Read_Text8:
;__Lib_UART_c67.c,107 :: 		
0x02DC	0xFFE1C03C  	MOVFF       FARG_UART1_Read_Text_Output, FSR1L
0x02E0	0xFFE2C03D  	MOVFF       FARG_UART1_Read_Text_Output+1, FSR1H
0x02E4	0x6AE6      	CLRF        POSTINC1 
;__Lib_UART_c67.c,108 :: 		
L_end_UART1_Read_Text:
0x02E6	0x0012      	RETURN      0
; end of _UART1_Read_Text
_UART1_Init:
;__Lib_UART_c67.c,15 :: 		
;__Lib_UART_c67.c,18 :: 		
0x02E8	0x0EFF      	MOVLW       _UART1_Write
0x02EA	0x6E34      	MOVWF       _UART_Wr_Ptr 
0x02EC	0x0EFF      	MOVLW       hi_addr(_UART1_Write)
0x02EE	0x6E35      	MOVWF       _UART_Wr_Ptr+1 
0x02F0	0x0EFF      	MOVLW       FARG_UART1_Write_data_
0x02F2	0x6E36      	MOVWF       _UART_Wr_Ptr+2 
0x02F4	0x0EFF      	MOVLW       hi_addr(FARG_UART1_Write_data_)
0x02F6	0x6E37      	MOVWF       _UART_Wr_Ptr+3 
;__Lib_UART_c67.c,19 :: 		
0x02F8	0x0E0A      	MOVLW       _UART1_Read
0x02FA	0x6E38      	MOVWF       _UART_Rd_Ptr 
0x02FC	0x0E01      	MOVLW       hi_addr(_UART1_Read)
0x02FE	0x6E39      	MOVWF       _UART_Rd_Ptr+1 
0x0300	0x0E00      	MOVLW       0
0x0302	0x6E3A      	MOVWF       _UART_Rd_Ptr+2 
0x0304	0x0E00      	MOVLW       0
0x0306	0x6E3B      	MOVWF       _UART_Rd_Ptr+3 
;__Lib_UART_c67.c,20 :: 		
0x0308	0x0E28      	MOVLW       _UART1_Data_Ready
0x030A	0x6E2F      	MOVWF       _UART_Rdy_Ptr 
0x030C	0x0E01      	MOVLW       hi_addr(_UART1_Data_Ready)
0x030E	0x6E30      	MOVWF       _UART_Rdy_Ptr+1 
0x0310	0x0E00      	MOVLW       0
0x0312	0x6E31      	MOVWF       _UART_Rdy_Ptr+2 
0x0314	0x0E00      	MOVLW       0
0x0316	0x6E32      	MOVWF       _UART_Rdy_Ptr+3 
;__Lib_UART_c67.c,21 :: 		
0x0318	0x0EFF      	MOVLW       _UART1_Tx_Idle
0x031A	0x6E1D      	MOVWF       _UART_Tx_Idle_Ptr 
0x031C	0x0EFF      	MOVLW       hi_addr(_UART1_Tx_Idle)
0x031E	0x6E1E      	MOVWF       _UART_Tx_Idle_Ptr+1 
0x0320	0x0E00      	MOVLW       0
0x0322	0x6E1F      	MOVWF       _UART_Tx_Idle_Ptr+2 
0x0324	0x0E00      	MOVLW       0
0x0326	0x6E20      	MOVWF       _UART_Tx_Idle_Ptr+3 
;__Lib_UART_c67.c,23 :: 		
0x0328	0x8AAC      	BSF         TXSTA, 5 
;__Lib_UART_c67.c,24 :: 		
0x032A	0x0E90      	MOVLW       144
0x032C	0x6EAB      	MOVWF       RCSTA 
;__Lib_UART_c67.c,25 :: 		
0x032E	0x8E94      	BSF         TRISC7_bit, BitPos(TRISC7_bit+0) 
;__Lib_UART_c67.c,26 :: 		
0x0330	0x9C94      	BCF         TRISC6_bit, BitPos(TRISC6_bit+0) 
;__Lib_UART_c67.c,28 :: 		
L_UART1_Init0:
0x0332	0xAA9E      	BTFSS       PIR1, 5 
0x0334	0xD003      	BRA         L_UART1_Init1
;__Lib_UART_c67.c,29 :: 		
0x0336	0xF000CFAE  	MOVFF       RCREG, R0
0x033A	0xD7FB      	BRA         L_UART1_Init0
L_UART1_Init1:
;__Lib_UART_c67.c,30 :: 		
L_end_UART1_Init:
0x033C	0x0012      	RETURN      0
; end of _UART1_Init
_main:
0x033E	0x0E45      	MOVLW       69
0x0340	0x6E19      	MOVWF       ?lstr1_hae2 
0x0342	0x0E4F      	MOVLW       79
0x0344	0x6E1A      	MOVWF       26 
0x0346	0x0E4C      	MOVLW       76
0x0348	0x6E1B      	MOVWF       27 
0x034A	0x6A1C      	CLRF        28 
;hae2.c,29 :: 		void main(){
;hae2.c,30 :: 		Lcd_Init();
0x034C	0xDF2F      	RCALL       _Lcd_Init
;hae2.c,31 :: 		UART1_Init(baund_rate);
0x034E	0x86B8      	BSF         BAUDCON, 3, 0
0x0350	0x6AB0      	CLRF        SPBRGH 
0x0352	0x0ECF      	MOVLW       207
0x0354	0x6EAF      	MOVWF       SPBRG 
0x0356	0x84AC      	BSF         TXSTA, 2, 0
0x0358	0xDFC7      	RCALL       _UART1_Init
;hae2.c,34 :: 		RCSTA.SREN = 1;
0x035A	0x8AAB      	BSF         RCSTA, 5 
;hae2.c,35 :: 		RCON.IPEN = 0; //se deshabilitan las interrupciones con prioridad (MikroC)
0x035C	0x9ED0      	BCF         RCON, 7 
;hae2.c,36 :: 		PIR1.RCIF = 0; //se pone a cero el flag de la interrupción RCIE
0x035E	0x9A9E      	BCF         PIR1, 5 
;hae2.c,37 :: 		PIE1.RCIE = 1; // se habilita la interrupción RCIE
0x0360	0x8A9D      	BSF         PIE1, 5 
;hae2.c,38 :: 		INTCON.PEIE = 1; //es de tipo peripheral
0x0362	0x8CF2      	BSF         INTCON, 6 
;hae2.c,39 :: 		INTCON.GIE = 1; // se habilitan las interrupciones en general
0x0364	0x8EF2      	BSF         INTCON, 7 
;hae2.c,41 :: 		while(1);
L_main4:
0x0366	0xD7FF      	BRA         L_main4
;hae2.c,42 :: 		}
L_end_main:
0x0368	0xD7FF      	BRA         $+0
; end of _main
Symbol List:
//** Routines locations **
//ADDRESS    SIZE    PROCEDURE
//----------------------------------------------
0x0008      [96]    _interrupt
0x0068      [22]    _Delay_5500us
0x007E       [6]    _Delay_1us
0x0084      [10]    _Delay_50us
0x008E     [124]    _Lcd_Cmd
0x010A      [18]    _UART1_Read
0x011C      [12]    _Lcd_Chr_CP
0x0128      [10]    _UART1_Data_Ready
0x0132     [122]    _Lcd_Out
0x01AC     [150]    _Lcd_Init
0x0242      [16]    ___CC2DW
0x0252     [150]    _UART1_Read_Text
0x02E8      [86]    _UART1_Init
0x033E      [44]    _main
//** Variables locations ** 
//ADDRESS    SIZE    VARIABLE
//----------------------------------------------
0x0000       [1]    R0
0x0000       [1]    SPI1_Write_tmp_L0
0x0000       [1]    UART1_Init_tmp_L0
0x0000       [1]    __Lib_SoftI2C_PutZerosToLATSda_temp_sda_L0
0x0000       [1]    __Lib_SoftI2C_PutZerosToLATScl_temp_scl_L0
0x0000       [1]    FLASH_Erase_64_SaveINTCON_L0
0x0000       [1]    EEPROM_Write_SaveINTCON_L0
0x0001       [1]    FLASH_Write_32_i_L0
0x0001       [1]    FLASH_Erase_Write_64_i_L0
0x0001       [1]    __Lib_TFT_16bit_JPEG_FileReadBytes_Result_L0
0x0001       [1]    I2C1_Rd_tmp_L0
0x0001       [1]    UART1_Read___tmp_UART1_Read_L0
0x0001       [2]    FLASH_Read_N_Bytes_i_L0
0x0001       [1]    __Lib_TFT_16bit_JPEG_FileRead_i_L0
0x0001       [1]    __Lib_TFT_JPEG_FileRead_i_L0
0x0001       [1]    R1
0x0001       [1]    __Lib_USB_genHID_?FLOC____Lib_USB_genHID_USB_Handle_BusyT1
0x0001       [1]    ispunct_rslt_L0
0x0001       [1]    __Lib_PS2_Wait_Falling_nsample_L0
0x0001       [1]    __Lib_TFT_JPEG_FileReadBytes_Result_L0
0x0002       [2]    memchr_s_L0
0x0002       [1]    FLASH_Write_32_SaveINTCON_L0
0x0002       [1]    R2
0x0002       [1]    FLASH_Erase_Write_64_j_L0
0x0002       [2]    memcpy_dd_L0
0x0002       [2]    memset_pp_L0
0x0002       [2]    strlen_cp_L0
0x0002       [1]    __Lib_USB_genHID_USB_CtrlTrf_Rx_Service_byteToRead_L0
0x0003       [2]    memmove_tt_L0
0x0003       [1]    R3
0x0003       [1]    __Lib_Sprinti_?FLOC____Lib_Sprinti_Do_FillT29
0x0003       [1]    MM_Init_i_L0
0x0003       [1]    __Lib_USB_genHID_USB_CtrlTrf_Rx_Service_i_L0
0x0003       [1]    FLASH_Erase_Write_64_SaveINTCON_L0
0x0003       [2]    MM_TotalFreeMemSize_Tot_L0
0x0003       [2]    __Lib_USB_genHID_USB_CtrlTrf_Tx_Service_byteToSend_L0
0x0003       [2]    __Lib_MmcFat16_f16_toInt_l_L0
0x0003       [2]    Ltrim_original_L0
0x0004       [1]    R4
0x0004       [2]    frexp_pom_L0
0x0004       [2]    strncat_cp_L0
0x0004       [2]    strcat_cp_L0
0x0004       [2]    __Lib_USB_genHID_USB_Std_Feature_Req_Handler_p_L0
0x0004       [2]    memcpy_ss_L0
0x0004       [2]    __Lib_MemManager_MM_GetMemAlign_P_L0
0x0004       [2]    __Lib_USB_genHID_USB_Get_Status_Handler_p_L2
0x0004       [2]    strcpy_cp_L0
0x0004       [2]    strncpy_cp_L0
0x0004       [1]    __Lib_Sprinti_?FLOC____Lib_Sprinti_Do_FillT40
0x0004       [2]    __Lib_USB_genHID_USB_Transfer_Packet_handle_L0
0x0004       [1]    __Lib_USB_genHID_GetMaxIndexInDevDsc_index_L0
0x0005       [2]    Ltrim_p_L0
0x0005       [2]    __Lib_USB_genHID_USB_Configure_Endpoint_handle_L0
0x0005       [2]    LongIntToHex_input_half_L0
0x0005       [1]    MM_TotalFreeMemSize_i_L0
0x0005       [1]    R5
0x0005       [2]    memmove_ff_L0
0x0005       [2]    LongWordToHex_input_half_L0
0x0005       [1]    __Lib_Sprinti_?FLOC____Lib_Sprinti_Do_FillT54
0x0006       [1]    R6
0x0006       [2]    __Lib_USB_genHID_GetMaxIndexInConfigDsc_totalLen_L0
0x0006       [1]    __Lib_MemManager_MM_GetMemAlign_i_L0
0x0006       [1]    __Lib_Sprinti_?FLOC____Lib_Sprinti_Do_FillT69
0x0007       [1]    __Lib_TFT_16bit_JPEG_GenerateHuffmanTables_bLength_L0
0x0007       [1]    R7
0x0007       [1]    __Lib_TFT_JPEG_GenerateHuffmanTables_bLength_L0
0x0008       [1]    R8
0x0008       [3]    __Lib_USB_genHID_GetMaxIndexInConfigDsc_ptr_L0
0x0008       [1]    __Lib_TFT_JPEG_GenerateHuffmanTables_bTable_L0
0x0008       [1]    __Lib_TFT_16bit_JPEG_GenerateHuffmanTables_bTable_L0
0x0009       [4]    __Lib_MmcFat16_f16_toLong_l_L0
0x0009       [1]    R9
0x000A       [1]    R10
0x000B       [1]    R11
0x000C       [1]    R12
0x000D       [1]    R13
0x000E       [1]    R14
0x000F       [1]    R15
0x0010       [1]    R16
0x0011       [1]    R17
0x0012       [1]    R18
0x0013       [1]    R19
0x0014       [1]    R20
0x0019       [4]    ?lstr1_hae2
0x001D       [4]    _UART_Tx_Idle_Ptr
0x0021      [14]    _distancia
0x002F       [4]    _UART_Rdy_Ptr
0x0033       [0]    __Lib_Lcd_cmd_status
0x0034       [4]    _UART_Wr_Ptr
0x0038       [4]    _UART_Rd_Ptr
0x003C       [1]    FARG_Lcd_Out_row
0x003C       [2]    FARG_UART1_Read_Text_Output
0x003D       [1]    FARG_Lcd_Out_column
0x003E       [2]    FARG_Lcd_Out_text
0x003E       [2]    FARG_UART1_Read_Text_Delimiter
0x0040       [1]    Lcd_Out_i_L0
0x0040       [1]    FARG_UART1_Read_Text_Attempts
0x0041       [1]    UART1_Read_Text_r_data_L0
0x0042       [1]    UART1_Read_Text_out_idx_L0
0x0043       [1]    UART1_Read_Text_delim_idx_L0
0x0044       [1]    FARG_Lcd_Chr_CP_out_char
0x0045       [1]    FARG_Lcd_Cmd_out_char
0x0F81       [0]    LCD_D7
0x0F81       [0]    RB6_bit
0x0F81       [0]    RB7_bit
0x0F81       [0]    RB4_bit
0x0F81       [0]    RB5_bit
0x0F81       [0]    LCD_D6
0x0F81       [0]    LCD_D4
0x0F81       [0]    LCD_D5
0x0F82       [0]    RC0_bit
0x0F82       [0]    RC1_bit
0x0F82       [0]    LCD_EN
0x0F82       [0]    LCD_RS
0x0F93       [0]    LCD_D4_Direction
0x0F93       [0]    LCD_D7_Direction
0x0F93       [0]    LCD_D5_Direction
0x0F93       [0]    LCD_D6_Direction
0x0F93       [0]    TRISB5_bit
0x0F93       [0]    TRISB6_bit
0x0F93       [0]    TRISB4_bit
0x0F93       [0]    TRISB7_bit
0x0F94       [0]    LCD_RS_Direction
0x0F94       [0]    LCD_EN_Direction
0x0F94       [0]    TRISC0_bit
0x0F94       [0]    TRISC7_bit
0x0F94       [0]    TRISC1_bit
0x0F94       [0]    TRISC6_bit
0x0F9D       [1]    PIE1
0x0F9E       [1]    PIR1
0x0FAB       [1]    RCSTA
0x0FAC       [1]    TXSTA
0x0FAE       [1]    RCREG
0x0FAF       [1]    SPBRG
0x0FB0       [1]    SPBRGH
0x0FB8       [1]    BAUDCON
0x0FD0       [1]    RCON
0x0FD8       [1]    STATUS
0x0FD9       [1]    FSR2L
0x0FDA       [1]    FSR2H
0x0FDE       [1]    POSTINC2
0x0FE0       [1]    BSR
0x0FE1       [1]    FSR1L
0x0FE2       [1]    FSR1H
0x0FE4       [1]    PREINC1
0x0FE6       [1]    POSTINC1
0x0FE7       [1]    INDF1
0x0FE8       [1]    WREG
0x0FE9       [1]    FSR0L
0x0FEA       [1]    FSR0H
0x0FEE       [1]    POSTINC0
0x0FF2       [1]    INTCON
0x0FF3       [1]    PRODL
0x0FF4       [1]    PRODH
0x0FF5       [1]    TABLAT
0x0FF6       [1]    TBLPTRL
0x0FF7       [1]    TBLPTRH
0x0FF8       [1]    TBLPTRU
//** Label List: ** 
//----------------------------------------------
  L_interrupt0
  L_interrupt1
  L_interrupt2
  L_interrupt3
  L_main4
  L_main5
  L__interrupt6
  L_end_interrupt
  _interrupt
  L__interrupt8
  L_end_main
  _main
  L_Delay_10us0
  L_Delay_22us1
  L_Delay_50us2
  L_Delay_80us3
  L_Delay_500us4
  L_Delay_5500us5
  L_Delay_1ms6
  L_Delay_5ms7
  L_Delay_8ms8
  L_Delay_100ms9
  L_Delay_10ms10
  L_Delay_1sec11
  L____Boot_Delay4k12
  L____Boot_Delay8k13
  L____Boot_Delay12k14
  L____Boot_Delay16k15
  L____Boot_Delay24k16
  L____Boot_Delay32k17
  L____Boot_Delay48k18
  L____Boot_Delay64k19
  L____Boot_Delay128k20
  L_Delay_Cyc21
  L_Delay_Cyc22
  L_VDelay_ms23
  L_VDelay_ms24
  L_VDelay_ms25
  L_VDelay_Advanced_ms26
  L_VDelay_Advanced_ms27
  L_VDelay_Advanced_ms28
  L_end_Get_Fosc_kHz
  _Get_Fosc_kHz
  L_end_Delay_1us
  _Delay_1us
  L_end_Delay_10us
  _Delay_10us
  L_end_Delay_22us
  _Delay_22us
  L_end_Delay_50us
  _Delay_50us
  L_end_Delay_80us
  _Delay_80us
  L_end_Delay_500us
  _Delay_500us
  L_end_Delay_5500us
  _Delay_5500us
  L_end_Delay_1ms
  _Delay_1ms
  L_end_Delay_5ms
  _Delay_5ms
  L_end_Delay_8ms
  _Delay_8ms
  L_end_Delay_100ms
  _Delay_100ms
  L_end_Delay_10ms
  _Delay_10ms
  L_end_Delay_1sec
  _Delay_1sec
  L_end____Boot_Delay4k
  ____Boot_Delay4k
  L_end____Boot_Delay8k
  ____Boot_Delay8k
  L_end____Boot_Delay12k
  ____Boot_Delay12k
  L_end____Boot_Delay16k
  ____Boot_Delay16k
  L_end____Boot_Delay24k
  ____Boot_Delay24k
  L_end____Boot_Delay32k
  ____Boot_Delay32k
  L_end____Boot_Delay48k
  ____Boot_Delay48k
  L_end____Boot_Delay64k
  ____Boot_Delay64k
  L_end____Boot_Delay128k
  ____Boot_Delay128k
  L_end_Delay_Cyc
  _Delay_Cyc
  L_end_VDelay_ms
  _VDelay_ms
  L__VDelay_ms54
  L__VDelay_ms55
  L__VDelay_ms56
  L_end_VDelay_Advanced_ms
  _VDelay_Advanced_ms
  L__VDelay_Advanced_ms58
  L__VDelay_Advanced_ms59
  L__VDelay_Advanced_ms60
  L_Lcd_Cmd0
  L_Lcd_Cmd1
  L_Lcd_Out_CP2
  L_Lcd_Out_CP3
  L_Lcd_Chr4
  L_Lcd_Chr5
  L_Lcd_Chr6
  L_Lcd_Chr7
  L_Lcd_Chr8
  L_Lcd_Chr9
  L_Lcd_Chr10
  L_Lcd_Out11
  L_Lcd_Out12
  L_Lcd_Out13
  L_Lcd_Out14
  L_Lcd_Out15
  L_Lcd_Out16
  L_Lcd_Out17
  L_Lcd_Out18
  L_Lcd_Out19
  L_end_Lcd_Cmd
  _Lcd_Cmd
  L__Lcd_Cmd21
  L__Lcd_Cmd22
  L__Lcd_Cmd23
  L__Lcd_Cmd24
  L__Lcd_Cmd25
  L__Lcd_Cmd26
  L__Lcd_Cmd27
  L__Lcd_Cmd28
  L__Lcd_Cmd29
  L__Lcd_Cmd30
  L__Lcd_Cmd31
  L__Lcd_Cmd32
  L__Lcd_Cmd33
  L__Lcd_Cmd34
  L__Lcd_Cmd35
  L__Lcd_Cmd36
  L__Lcd_Cmd37
  L__Lcd_Cmd38
  L__Lcd_Cmd39
  L__Lcd_Cmd40
  L_end_Lcd_Chr_CP
  _Lcd_Chr_CP
  L_end_Lcd_Out_CP
  _Lcd_Out_CP
  L_end_Lcd_Chr
  _Lcd_Chr
  L_end_Lcd_Init
  _Lcd_Init
  L_end_Lcd_Out
  _Lcd_Out
  _CC2D_Loop1
  _CC2DL_Loop1
  L_loopCA2AWs
  L_loopCCA2AWs
  L_loopCS2Ss
  L_CS2Send
  L_loopCCS2Ss
  L_CCS2Send
  L_loopFZinSWs
  L_longjmp7
  L_end___CC2D
  ___CC2D
  L_end___CC2DW
  ___CC2DW
  L_end___CA2AW
  ___CA2AW
  L_end___CCA2AW
  ___CCA2AW
  L_end___CS2S
  ___CS2S
  L_end___CCS2S
  ___CCS2S
  L_end___FZinS
  ___FZinS
  L_end_____DoIFC
  _____DoIFC
  L_end_Swap
  _Swap
  L_end_setjmp
  _setjmp
  L_end_longjmp
  _longjmp
  L_UART1_Init0
  L_UART1_Init1
  L_UART1_Read2
  L_UART1_Write3
  L_UART1_Write4
  L_UART1_Write_Text5
  L_UART1_Write_Text6
  L_UART1_Read_Text7
  L_UART1_Read_Text8
  L_UART1_Read_Text9
  L_UART1_Read_Text10
  L_UART1_Read_Text11
  L_UART1_Read_Text12
  L_UART1_Read_Text13
  L_UART1_Read_Text14
  L_UART1_Read_Text15
  L_UART_Write_Text16
  L_UART_Write_Text17
  L_UART_Read_Text18
  L_UART_Read_Text19
  L_UART_Read_Text20
  L_UART_Read_Text21
  L_UART_Read_Text22
  L_UART_Read_Text23
  L_UART_Read_Text24
  L_UART_Read_Text25
  L_UART_Read_Text26
  L_end_UART1_Init
  _UART1_Init
  L_end_UART1_Data_Ready
  _UART1_Data_Ready
  L_end_UART1_Read
  _UART1_Read
  L_end_UART1_Tx_Idle
  _UART1_Tx_Idle
  L_end_UART1_Write
  _UART1_Write
  L_end_UART1_Write_Text
  _UART1_Write_Text
  L_end_UART1_Read_Text
  _UART1_Read_Text
  L_end_UART_Set_Active
  _UART_Set_Active
  L_end_UART_Write
  _UART_Write
  L_end_UART_Write_Text
  _UART_Write_Text
  L_end_UART_Read
  _UART_Read
  L_end_UART_Data_Ready
  _UART_Data_Ready
  L_end_UART_Read_Text
  _UART_Read_Text
  L_end_UART_Tx_Idle
  _UART_Tx_Idle
  L_interrupt0
  L_interrupt1
  L_interrupt2
  L_interrupt3
  L_main4
  L_main5
  L__interrupt6
  L_end_interrupt
  _interrupt
  L__interrupt8
  L_end_main
  _main
  L_Delay_10us0
  L_Delay_22us1
  L_Delay_50us2
  L_Delay_80us3
  L_Delay_500us4
  L_Delay_5500us5
  L_Delay_1ms6
  L_Delay_5ms7
  L_Delay_8ms8
  L_Delay_100ms9
  L_Delay_10ms10
  L_Delay_1sec11
  L____Boot_Delay4k12
  L____Boot_Delay8k13
  L____Boot_Delay12k14
  L____Boot_Delay16k15
  L____Boot_Delay24k16
  L____Boot_Delay32k17
  L____Boot_Delay48k18
  L____Boot_Delay64k19
  L____Boot_Delay128k20
  L_Delay_Cyc21
  L_Delay_Cyc22
  L_VDelay_ms23
  L_VDelay_ms24
  L_VDelay_ms25
  L_VDelay_Advanced_ms26
  L_VDelay_Advanced_ms27
  L_VDelay_Advanced_ms28
  L_end_Get_Fosc_kHz
  _Get_Fosc_kHz
  L_end_Delay_1us
  _Delay_1us
  L_end_Delay_10us
  _Delay_10us
  L_end_Delay_22us
  _Delay_22us
  L_end_Delay_50us
  _Delay_50us
  L_end_Delay_80us
  _Delay_80us
  L_end_Delay_500us
  _Delay_500us
  L_end_Delay_5500us
  _Delay_5500us
  L_end_Delay_1ms
  _Delay_1ms
  L_end_Delay_5ms
  _Delay_5ms
  L_end_Delay_8ms
  _Delay_8ms
  L_end_Delay_100ms
  _Delay_100ms
  L_end_Delay_10ms
  _Delay_10ms
  L_end_Delay_1sec
  _Delay_1sec
  L_end____Boot_Delay4k
  ____Boot_Delay4k
  L_end____Boot_Delay8k
  ____Boot_Delay8k
  L_end____Boot_Delay12k
  ____Boot_Delay12k
  L_end____Boot_Delay16k
  ____Boot_Delay16k
  L_end____Boot_Delay24k
  ____Boot_Delay24k
  L_end____Boot_Delay32k
  ____Boot_Delay32k
  L_end____Boot_Delay48k
  ____Boot_Delay48k
  L_end____Boot_Delay64k
  ____Boot_Delay64k
  L_end____Boot_Delay128k
  ____Boot_Delay128k
  L_end_Delay_Cyc
  _Delay_Cyc
  L_end_VDelay_ms
  _VDelay_ms
  L__VDelay_ms54
  L__VDelay_ms55
  L__VDelay_ms56
  L_end_VDelay_Advanced_ms
  _VDelay_Advanced_ms
  L__VDelay_Advanced_ms58
  L__VDelay_Advanced_ms59
  L__VDelay_Advanced_ms60
  L_Lcd_Cmd0
  L_Lcd_Cmd1
  L_Lcd_Out_CP2
  L_Lcd_Out_CP3
  L_Lcd_Chr4
  L_Lcd_Chr5
  L_Lcd_Chr6
  L_Lcd_Chr7
  L_Lcd_Chr8
  L_Lcd_Chr9
  L_Lcd_Chr10
  L_Lcd_Out11
  L_Lcd_Out12
  L_Lcd_Out13
  L_Lcd_Out14
  L_Lcd_Out15
  L_Lcd_Out16
  L_Lcd_Out17
  L_Lcd_Out18
  L_Lcd_Out19
  L_end_Lcd_Cmd
  _Lcd_Cmd
  L__Lcd_Cmd21
  L__Lcd_Cmd22
  L__Lcd_Cmd23
  L__Lcd_Cmd24
  L__Lcd_Cmd25
  L__Lcd_Cmd26
  L__Lcd_Cmd27
  L__Lcd_Cmd28
  L__Lcd_Cmd29
  L__Lcd_Cmd30
  L__Lcd_Cmd31
  L__Lcd_Cmd32
  L__Lcd_Cmd33
  L__Lcd_Cmd34
  L__Lcd_Cmd35
  L__Lcd_Cmd36
  L__Lcd_Cmd37
  L__Lcd_Cmd38
  L__Lcd_Cmd39
  L__Lcd_Cmd40
  L_end_Lcd_Chr_CP
  _Lcd_Chr_CP
  L_end_Lcd_Out_CP
  _Lcd_Out_CP
  L_end_Lcd_Chr
  _Lcd_Chr
  L_end_Lcd_Init
  _Lcd_Init
  L_end_Lcd_Out
  _Lcd_Out
  L_UART1_Init0
  L_UART1_Init1
  L_UART1_Read2
  L_UART1_Write3
  L_UART1_Write4
  L_UART1_Write_Text5
  L_UART1_Write_Text6
  L_UART1_Read_Text7
  L_UART1_Read_Text8
  L_UART1_Read_Text9
  L_UART1_Read_Text10
  L_UART1_Read_Text11
  L_UART1_Read_Text12
  L_UART1_Read_Text13
  L_UART1_Read_Text14
  L_UART1_Read_Text15
  L_UART_Write_Text16
  L_UART_Write_Text17
  L_UART_Read_Text18
  L_UART_Read_Text19
  L_UART_Read_Text20
  L_UART_Read_Text21
  L_UART_Read_Text22
  L_UART_Read_Text23
  L_UART_Read_Text24
  L_UART_Read_Text25
  L_UART_Read_Text26
  L_end_UART1_Init
  _UART1_Init
  L_end_UART1_Data_Ready
  _UART1_Data_Ready
  L_end_UART1_Read
  _UART1_Read
  L_end_UART1_Tx_Idle
  _UART1_Tx_Idle
  L_end_UART1_Write
  _UART1_Write
  L_end_UART1_Write_Text
  _UART1_Write_Text
  L_end_UART1_Read_Text
  _UART1_Read_Text
  L_end_UART_Set_Active
  _UART_Set_Active
  L_end_UART_Write
  _UART_Write
  L_end_UART_Write_Text
  _UART_Write_Text
  L_end_UART_Read
  _UART_Read
  L_end_UART_Data_Ready
  _UART_Data_Ready
  L_end_UART_Read_Text
  _UART_Read_Text
  L_end_UART_Tx_Idle
  _UART_Tx_Idle
